{"/app/src/App.tsx": {"path":"/app/src/App.tsx","statementMap":{"0":{"start":{"line":5,"column":22},"end":{"line":11,"column":null}},"1":{"start":{"line":6,"column":2},"end":{"line":9,"column":null}}},"fnMap":{"0":{"name":"(anonymous_0)","decl":{"start":{"line":5,"column":22},"end":{"line":5,"column":28}},"loc":{"start":{"line":5,"column":28},"end":{"line":11,"column":null}},"line":5}},"branchMap":{},"s":{"0":0,"1":0},"f":{"0":0},"b":{},"meta":{"lastBranch":0,"lastFunction":1,"lastStatement":2,"seen":{"s:5:22:11:Infinity":0,"f:5:22:5:28":0,"s:6:2:9:Infinity":1}}}
,"/app/src/components/Background/Fireballs.tsx": {"path":"/app/src/components/Background/Fireballs.tsx","statementMap":{"0":{"start":{"line":13,"column":20},"end":{"line":34,"column":null}},"1":{"start":{"line":36,"column":35},"end":{"line":203,"column":null}},"2":{"start":{"line":37,"column":8},"end":{"line":37,"column":null}},"3":{"start":{"line":39,"column":2},"end":{"line":194,"column":null}},"4":{"start":{"line":40,"column":19},"end":{"line":40,"column":null}},"5":{"start":{"line":41,"column":4},"end":{"line":41,"column":null}},"6":{"start":{"line":41,"column":17},"end":{"line":41,"column":null}},"7":{"start":{"line":43,"column":16},"end":{"line":43,"column":null}},"8":{"start":{"line":44,"column":4},"end":{"line":44,"column":null}},"9":{"start":{"line":44,"column":14},"end":{"line":44,"column":null}},"10":{"start":{"line":47,"column":24},"end":{"line":47,"column":null}},"11":{"start":{"line":49,"column":25},"end":{"line":52,"column":null}},"12":{"start":{"line":50,"column":6},"end":{"line":50,"column":null}},"13":{"start":{"line":51,"column":6},"end":{"line":51,"column":null}},"14":{"start":{"line":55,"column":22},"end":{"line":69,"column":null}},"15":{"start":{"line":56,"column":6},"end":{"line":56,"column":null}},"16":{"start":{"line":57,"column":6},"end":{"line":68,"column":null}},"17":{"start":{"line":57,"column":19},"end":{"line":57,"column":22}},"18":{"start":{"line":59,"column":23},"end":{"line":59,"column":null}},"19":{"start":{"line":60,"column":8},"end":{"line":67,"column":null}},"20":{"start":{"line":72,"column":41},"end":{"line":109,"column":null}},"21":{"start":{"line":74,"column":17},"end":{"line":74,"column":null}},"22":{"start":{"line":75,"column":17},"end":{"line":75,"column":null}},"23":{"start":{"line":77,"column":23},"end":{"line":77,"column":null}},"24":{"start":{"line":78,"column":25},"end":{"line":78,"column":null}},"25":{"start":{"line":80,"column":6},"end":{"line":108,"column":null}},"26":{"start":{"line":82,"column":24},"end":{"line":82,"column":null}},"27":{"start":{"line":83,"column":19},"end":{"line":83,"column":null}},"28":{"start":{"line":84,"column":19},"end":{"line":84,"column":null}},"29":{"start":{"line":86,"column":8},"end":{"line":86,"column":null}},"30":{"start":{"line":87,"column":8},"end":{"line":87,"column":null}},"31":{"start":{"line":88,"column":8},"end":{"line":88,"column":null}},"32":{"start":{"line":89,"column":8},"end":{"line":89,"column":null}},"33":{"start":{"line":92,"column":19},"end":{"line":92,"column":null}},"34":{"start":{"line":93,"column":19},"end":{"line":93,"column":null}},"35":{"start":{"line":95,"column":23},"end":{"line":95,"column":null}},"36":{"start":{"line":96,"column":23},"end":{"line":96,"column":null}},"37":{"start":{"line":98,"column":24},"end":{"line":98,"column":null}},"38":{"start":{"line":99,"column":24},"end":{"line":99,"column":null}},"39":{"start":{"line":101,"column":19},"end":{"line":101,"column":null}},"40":{"start":{"line":102,"column":19},"end":{"line":102,"column":null}},"41":{"start":{"line":104,"column":8},"end":{"line":104,"column":null}},"42":{"start":{"line":105,"column":8},"end":{"line":105,"column":null}},"43":{"start":{"line":106,"column":8},"end":{"line":106,"column":null}},"44":{"start":{"line":107,"column":8},"end":{"line":107,"column":null}},"45":{"start":{"line":111,"column":21},"end":{"line":140,"column":null}},"46":{"start":{"line":112,"column":6},"end":{"line":112,"column":null}},"47":{"start":{"line":112,"column":16},"end":{"line":112,"column":null}},"48":{"start":{"line":114,"column":20},"end":{"line":114,"column":null}},"49":{"start":{"line":116,"column":23},"end":{"line":119,"column":null}},"50":{"start":{"line":122,"column":6},"end":{"line":126,"column":null}},"51":{"start":{"line":124,"column":24},"end":{"line":124,"column":null}},"52":{"start":{"line":125,"column":8},"end":{"line":125,"column":null}},"53":{"start":{"line":128,"column":6},"end":{"line":128,"column":null}},"54":{"start":{"line":129,"column":6},"end":{"line":129,"column":null}},"55":{"start":{"line":130,"column":6},"end":{"line":130,"column":null}},"56":{"start":{"line":133,"column":6},"end":{"line":133,"column":null}},"57":{"start":{"line":134,"column":6},"end":{"line":134,"column":null}},"58":{"start":{"line":136,"column":6},"end":{"line":136,"column":null}},"59":{"start":{"line":139,"column":6},"end":{"line":139,"column":null}},"60":{"start":{"line":142,"column":19},"end":{"line":182,"column":null}},"61":{"start":{"line":143,"column":6},"end":{"line":143,"column":null}},"62":{"start":{"line":143,"column":16},"end":{"line":143,"column":null}},"63":{"start":{"line":145,"column":6},"end":{"line":145,"column":null}},"64":{"start":{"line":148,"column":6},"end":{"line":169,"column":null}},"65":{"start":{"line":149,"column":8},"end":{"line":149,"column":null}},"66":{"start":{"line":150,"column":8},"end":{"line":150,"column":null}},"67":{"start":{"line":153,"column":8},"end":{"line":156,"column":null}},"68":{"start":{"line":154,"column":10},"end":{"line":154,"column":null}},"69":{"start":{"line":155,"column":10},"end":{"line":155,"column":null}},"70":{"start":{"line":157,"column":8},"end":{"line":160,"column":null}},"71":{"start":{"line":158,"column":10},"end":{"line":158,"column":null}},"72":{"start":{"line":159,"column":10},"end":{"line":159,"column":null}},"73":{"start":{"line":161,"column":8},"end":{"line":164,"column":null}},"74":{"start":{"line":162,"column":10},"end":{"line":162,"column":null}},"75":{"start":{"line":163,"column":10},"end":{"line":163,"column":null}},"76":{"start":{"line":165,"column":8},"end":{"line":168,"column":null}},"77":{"start":{"line":166,"column":10},"end":{"line":166,"column":null}},"78":{"start":{"line":167,"column":10},"end":{"line":167,"column":null}},"79":{"start":{"line":172,"column":6},"end":{"line":176,"column":null}},"80":{"start":{"line":172,"column":19},"end":{"line":172,"column":22}},"81":{"start":{"line":173,"column":8},"end":{"line":175,"column":null}},"82":{"start":{"line":173,"column":21},"end":{"line":173,"column":28}},"83":{"start":{"line":174,"column":10},"end":{"line":174,"column":null}},"84":{"start":{"line":179,"column":6},"end":{"line":179,"column":null}},"85":{"start":{"line":181,"column":6},"end":{"line":181,"column":null}},"86":{"start":{"line":184,"column":4},"end":{"line":184,"column":null}},"87":{"start":{"line":185,"column":4},"end":{"line":185,"column":null}},"88":{"start":{"line":186,"column":4},"end":{"line":186,"column":null}},"89":{"start":{"line":188,"column":4},"end":{"line":188,"column":null}},"90":{"start":{"line":190,"column":4},"end":{"line":193,"column":null}},"91":{"start":{"line":191,"column":6},"end":{"line":191,"column":null}},"92":{"start":{"line":192,"column":6},"end":{"line":192,"column":null}},"93":{"start":{"line":196,"column":2},"end":{"line":201,"column":null}}},"fnMap":{"0":{"name":"(anonymous_0)","decl":{"start":{"line":36,"column":35},"end":{"line":36,"column":41}},"loc":{"start":{"line":36,"column":41},"end":{"line":203,"column":null}},"line":36},"1":{"name":"(anonymous_1)","decl":{"start":{"line":39,"column":12},"end":{"line":39,"column":18}},"loc":{"start":{"line":39,"column":18},"end":{"line":194,"column":5}},"line":39},"2":{"name":"(anonymous_2)","decl":{"start":{"line":49,"column":25},"end":{"line":49,"column":31}},"loc":{"start":{"line":49,"column":31},"end":{"line":52,"column":null}},"line":49},"3":{"name":"(anonymous_3)","decl":{"start":{"line":55,"column":22},"end":{"line":55,"column":28}},"loc":{"start":{"line":55,"column":28},"end":{"line":69,"column":null}},"line":55},"4":{"name":"(anonymous_4)","decl":{"start":{"line":72,"column":41},"end":{"line":72,"column":42}},"loc":{"start":{"line":72,"column":71},"end":{"line":109,"column":null}},"line":72},"5":{"name":"(anonymous_5)","decl":{"start":{"line":111,"column":21},"end":{"line":111,"column":22}},"loc":{"start":{"line":111,"column":37},"end":{"line":140,"column":null}},"line":111},"6":{"name":"(anonymous_6)","decl":{"start":{"line":122,"column":26},"end":{"line":122,"column":27}},"loc":{"start":{"line":122,"column":44},"end":{"line":126,"column":7}},"line":122},"7":{"name":"(anonymous_7)","decl":{"start":{"line":142,"column":19},"end":{"line":142,"column":25}},"loc":{"start":{"line":142,"column":25},"end":{"line":182,"column":null}},"line":142},"8":{"name":"(anonymous_8)","decl":{"start":{"line":148,"column":20},"end":{"line":148,"column":28}},"loc":{"start":{"line":148,"column":28},"end":{"line":169,"column":7}},"line":148},"9":{"name":"(anonymous_9)","decl":{"start":{"line":190,"column":11},"end":{"line":190,"column":17}},"loc":{"start":{"line":190,"column":17},"end":{"line":193,"column":null}},"line":190}},"branchMap":{"0":{"loc":{"start":{"line":41,"column":4},"end":{"line":41,"column":null}},"type":"if","locations":[{"start":{"line":41,"column":4},"end":{"line":41,"column":null}},{"start":{},"end":{}}],"line":41},"1":{"loc":{"start":{"line":44,"column":4},"end":{"line":44,"column":null}},"type":"if","locations":[{"start":{"line":44,"column":4},"end":{"line":44,"column":null}},{"start":{},"end":{}}],"line":44},"2":{"loc":{"start":{"line":80,"column":6},"end":{"line":108,"column":null}},"type":"if","locations":[{"start":{"line":80,"column":6},"end":{"line":108,"column":null}},{"start":{},"end":{}}],"line":80},"3":{"loc":{"start":{"line":80,"column":10},"end":{"line":80,"column":51}},"type":"binary-expr","locations":[{"start":{"line":80,"column":10},"end":{"line":80,"column":35}},{"start":{"line":80,"column":35},"end":{"line":80,"column":51}}],"line":80},"4":{"loc":{"start":{"line":112,"column":6},"end":{"line":112,"column":null}},"type":"if","locations":[{"start":{"line":112,"column":6},"end":{"line":112,"column":null}},{"start":{},"end":{}}],"line":112},"5":{"loc":{"start":{"line":143,"column":6},"end":{"line":143,"column":null}},"type":"if","locations":[{"start":{"line":143,"column":6},"end":{"line":143,"column":null}},{"start":{},"end":{}}],"line":143},"6":{"loc":{"start":{"line":153,"column":8},"end":{"line":156,"column":null}},"type":"if","locations":[{"start":{"line":153,"column":8},"end":{"line":156,"column":null}},{"start":{},"end":{}}],"line":153},"7":{"loc":{"start":{"line":157,"column":8},"end":{"line":160,"column":null}},"type":"if","locations":[{"start":{"line":157,"column":8},"end":{"line":160,"column":null}},{"start":{},"end":{}}],"line":157},"8":{"loc":{"start":{"line":161,"column":8},"end":{"line":164,"column":null}},"type":"if","locations":[{"start":{"line":161,"column":8},"end":{"line":164,"column":null}},{"start":{},"end":{}}],"line":161},"9":{"loc":{"start":{"line":165,"column":8},"end":{"line":168,"column":null}},"type":"if","locations":[{"start":{"line":165,"column":8},"end":{"line":168,"column":null}},{"start":{},"end":{}}],"line":165}},"s":{"0":0,"1":0,"2":0,"3":0,"4":0,"5":0,"6":0,"7":0,"8":0,"9":0,"10":0,"11":0,"12":0,"13":0,"14":0,"15":0,"16":0,"17":0,"18":0,"19":0,"20":0,"21":0,"22":0,"23":0,"24":0,"25":0,"26":0,"27":0,"28":0,"29":0,"30":0,"31":0,"32":0,"33":0,"34":0,"35":0,"36":0,"37":0,"38":0,"39":0,"40":0,"41":0,"42":0,"43":0,"44":0,"45":0,"46":0,"47":0,"48":0,"49":0,"50":0,"51":0,"52":0,"53":0,"54":0,"55":0,"56":0,"57":0,"58":0,"59":0,"60":0,"61":0,"62":0,"63":0,"64":0,"65":0,"66":0,"67":0,"68":0,"69":0,"70":0,"71":0,"72":0,"73":0,"74":0,"75":0,"76":0,"77":0,"78":0,"79":0,"80":0,"81":0,"82":0,"83":0,"84":0,"85":0,"86":0,"87":0,"88":0,"89":0,"90":0,"91":0,"92":0,"93":0},"f":{"0":0,"1":0,"2":0,"3":0,"4":0,"5":0,"6":0,"7":0,"8":0,"9":0},"b":{"0":[0,0],"1":[0,0],"2":[0,0],"3":[0,0],"4":[0,0],"5":[0,0],"6":[0,0],"7":[0,0],"8":[0,0],"9":[0,0]},"meta":{"lastBranch":10,"lastFunction":10,"lastStatement":94,"seen":{"s:13:20:34:Infinity":0,"s:36:35:203:Infinity":1,"f:36:35:36:41":0,"s:37:8:37:Infinity":2,"s:39:2:194:Infinity":3,"f:39:12:39:18":1,"s:40:19:40:Infinity":4,"b:41:4:41:Infinity:undefined:undefined:undefined:undefined":0,"s:41:4:41:Infinity":5,"s:41:17:41:Infinity":6,"s:43:16:43:Infinity":7,"b:44:4:44:Infinity:undefined:undefined:undefined:undefined":1,"s:44:4:44:Infinity":8,"s:44:14:44:Infinity":9,"s:47:24:47:Infinity":10,"s:49:25:52:Infinity":11,"f:49:25:49:31":2,"s:50:6:50:Infinity":12,"s:51:6:51:Infinity":13,"s:55:22:69:Infinity":14,"f:55:22:55:28":3,"s:56:6:56:Infinity":15,"s:57:6:68:Infinity":16,"s:57:19:57:22":17,"s:59:23:59:Infinity":18,"s:60:8:67:Infinity":19,"s:72:41:109:Infinity":20,"f:72:41:72:42":4,"s:74:17:74:Infinity":21,"s:75:17:75:Infinity":22,"s:77:23:77:Infinity":23,"s:78:25:78:Infinity":24,"b:80:6:108:Infinity:undefined:undefined:undefined:undefined":2,"s:80:6:108:Infinity":25,"b:80:10:80:35:80:35:80:51":3,"s:82:24:82:Infinity":26,"s:83:19:83:Infinity":27,"s:84:19:84:Infinity":28,"s:86:8:86:Infinity":29,"s:87:8:87:Infinity":30,"s:88:8:88:Infinity":31,"s:89:8:89:Infinity":32,"s:92:19:92:Infinity":33,"s:93:19:93:Infinity":34,"s:95:23:95:Infinity":35,"s:96:23:96:Infinity":36,"s:98:24:98:Infinity":37,"s:99:24:99:Infinity":38,"s:101:19:101:Infinity":39,"s:102:19:102:Infinity":40,"s:104:8:104:Infinity":41,"s:105:8:105:Infinity":42,"s:106:8:106:Infinity":43,"s:107:8:107:Infinity":44,"s:111:21:140:Infinity":45,"f:111:21:111:22":5,"b:112:6:112:Infinity:undefined:undefined:undefined:undefined":4,"s:112:6:112:Infinity":46,"s:112:16:112:Infinity":47,"s:114:20:114:Infinity":48,"s:116:23:119:Infinity":49,"s:122:6:126:Infinity":50,"f:122:26:122:27":6,"s:124:24:124:Infinity":51,"s:125:8:125:Infinity":52,"s:128:6:128:Infinity":53,"s:129:6:129:Infinity":54,"s:130:6:130:Infinity":55,"s:133:6:133:Infinity":56,"s:134:6:134:Infinity":57,"s:136:6:136:Infinity":58,"s:139:6:139:Infinity":59,"s:142:19:182:Infinity":60,"f:142:19:142:25":7,"b:143:6:143:Infinity:undefined:undefined:undefined:undefined":5,"s:143:6:143:Infinity":61,"s:143:16:143:Infinity":62,"s:145:6:145:Infinity":63,"s:148:6:169:Infinity":64,"f:148:20:148:28":8,"s:149:8:149:Infinity":65,"s:150:8:150:Infinity":66,"b:153:8:156:Infinity:undefined:undefined:undefined:undefined":6,"s:153:8:156:Infinity":67,"s:154:10:154:Infinity":68,"s:155:10:155:Infinity":69,"b:157:8:160:Infinity:undefined:undefined:undefined:undefined":7,"s:157:8:160:Infinity":70,"s:158:10:158:Infinity":71,"s:159:10:159:Infinity":72,"b:161:8:164:Infinity:undefined:undefined:undefined:undefined":8,"s:161:8:164:Infinity":73,"s:162:10:162:Infinity":74,"s:163:10:163:Infinity":75,"b:165:8:168:Infinity:undefined:undefined:undefined:undefined":9,"s:165:8:168:Infinity":76,"s:166:10:166:Infinity":77,"s:167:10:167:Infinity":78,"s:172:6:176:Infinity":79,"s:172:19:172:22":80,"s:173:8:175:Infinity":81,"s:173:21:173:28":82,"s:174:10:174:Infinity":83,"s:179:6:179:Infinity":84,"s:181:6:181:Infinity":85,"s:184:4:184:Infinity":86,"s:185:4:185:Infinity":87,"s:186:4:186:Infinity":88,"s:188:4:188:Infinity":89,"s:190:4:193:Infinity":90,"f:190:11:190:17":9,"s:191:6:191:Infinity":91,"s:192:6:192:Infinity":92,"s:196:2:201:Infinity":93}}}
,"/app/src/components/Button/Button.tsx": {"path":"/app/src/components/Button/Button.tsx","statementMap":{"0":{"start":{"line":10,"column":45},"end":{"line":47,"column":null}},"1":{"start":{"line":18,"column":21},"end":{"line":18,"column":null}},"2":{"start":{"line":20,"column":19},"end":{"line":25,"column":null}},"3":{"start":{"line":27,"column":16},"end":{"line":31,"column":null}},"4":{"start":{"line":33,"column":2},"end":{"line":45,"column":null}}},"fnMap":{"0":{"name":"(anonymous_0)","decl":{"start":{"line":10,"column":45},"end":{"line":10,"column":46}},"loc":{"start":{"line":17,"column":6},"end":{"line":47,"column":null}},"line":17}},"branchMap":{"0":{"loc":{"start":{"line":12,"column":2},"end":{"line":12,"column":null}},"type":"default-arg","locations":[{"start":{"line":12,"column":12},"end":{"line":12,"column":null}}],"line":12},"1":{"loc":{"start":{"line":13,"column":2},"end":{"line":13,"column":null}},"type":"default-arg","locations":[{"start":{"line":13,"column":9},"end":{"line":13,"column":null}}],"line":13},"2":{"loc":{"start":{"line":14,"column":2},"end":{"line":14,"column":null}},"type":"default-arg","locations":[{"start":{"line":14,"column":14},"end":{"line":14,"column":null}}],"line":14},"3":{"loc":{"start":{"line":39,"column":8},"end":{"line":39,"column":null}},"type":"cond-expr","locations":[{"start":{"line":39,"column":20},"end":{"line":39,"column":31}},{"start":{"line":39,"column":31},"end":{"line":39,"column":null}}],"line":39}},"s":{"0":0,"1":0,"2":0,"3":0,"4":0},"f":{"0":0},"b":{"0":[0],"1":[0],"2":[0],"3":[0,0]},"meta":{"lastBranch":4,"lastFunction":1,"lastStatement":5,"seen":{"s:10:45:47:Infinity":0,"f:10:45:10:46":0,"b:12:12:12:Infinity":0,"b:13:9:13:Infinity":1,"b:14:14:14:Infinity":2,"s:18:21:18:Infinity":1,"s:20:19:25:Infinity":2,"s:27:16:31:Infinity":3,"s:33:2:45:Infinity":4,"b:39:20:39:31:39:31:39:Infinity":3}}}
,"/app/src/components/ui/Badge.tsx": {"path":"/app/src/components/ui/Badge.tsx","statementMap":{"0":{"start":{"line":13,"column":52},"end":{"line":20,"column":null}},"1":{"start":{"line":22,"column":43},"end":{"line":40,"column":null}},"2":{"start":{"line":28,"column":2},"end":{"line":38,"column":null}}},"fnMap":{"0":{"name":"(anonymous_0)","decl":{"start":{"line":22,"column":43},"end":{"line":22,"column":44}},"loc":{"start":{"line":27,"column":6},"end":{"line":40,"column":null}},"line":27}},"branchMap":{"0":{"loc":{"start":{"line":24,"column":2},"end":{"line":24,"column":null}},"type":"default-arg","locations":[{"start":{"line":24,"column":12},"end":{"line":24,"column":null}}],"line":24},"1":{"loc":{"start":{"line":36,"column":7},"end":{"line":36,"column":null}},"type":"binary-expr","locations":[{"start":{"line":36,"column":7},"end":{"line":36,"column":15}},{"start":{"line":36,"column":15},"end":{"line":36,"column":null}}],"line":36}},"s":{"0":0,"1":0,"2":0},"f":{"0":0},"b":{"0":[0],"1":[0,0]},"meta":{"lastBranch":2,"lastFunction":1,"lastStatement":3,"seen":{"s:13:52:20:Infinity":0,"s:22:43:40:Infinity":1,"f:22:43:22:44":0,"b:24:12:24:Infinity":0,"s:28:2:38:Infinity":2,"b:36:7:36:15:36:15:36:Infinity":1}}}
,"/app/src/components/ui/Card.tsx": {"path":"/app/src/components/ui/Card.tsx","statementMap":{"0":{"start":{"line":11,"column":41},"end":{"line":30,"column":null}},"1":{"start":{"line":17,"column":2},"end":{"line":28,"column":null}}},"fnMap":{"0":{"name":"(anonymous_0)","decl":{"start":{"line":11,"column":41},"end":{"line":11,"column":42}},"loc":{"start":{"line":16,"column":6},"end":{"line":30,"column":null}},"line":16}},"branchMap":{"0":{"loc":{"start":{"line":14,"column":2},"end":{"line":14,"column":null}},"type":"default-arg","locations":[{"start":{"line":14,"column":14},"end":{"line":14,"column":null}}],"line":14},"1":{"loc":{"start":{"line":22,"column":8},"end":{"line":22,"column":null}},"type":"binary-expr","locations":[{"start":{"line":22,"column":8},"end":{"line":22,"column":22}},{"start":{"line":22,"column":22},"end":{"line":22,"column":null}}],"line":22},"2":{"loc":{"start":{"line":23,"column":8},"end":{"line":23,"column":null}},"type":"binary-expr","locations":[{"start":{"line":23,"column":8},"end":{"line":23,"column":19}},{"start":{"line":23,"column":19},"end":{"line":23,"column":null}}],"line":23}},"s":{"0":0,"1":0},"f":{"0":0},"b":{"0":[0],"1":[0,0],"2":[0,0]},"meta":{"lastBranch":3,"lastFunction":1,"lastStatement":2,"seen":{"s:11:41:30:Infinity":0,"f:11:41:11:42":0,"b:14:14:14:Infinity":0,"s:17:2:28:Infinity":1,"b:22:8:22:22:22:22:22:Infinity":1,"b:23:8:23:19:23:19:23:Infinity":2}}}
,"/app/src/components/ui/ProgressBar.tsx": {"path":"/app/src/components/ui/ProgressBar.tsx","statementMap":{"0":{"start":{"line":15,"column":55},"end":{"line":20,"column":null}},"1":{"start":{"line":22,"column":14},"end":{"line":26,"column":null}},"2":{"start":{"line":28,"column":55},"end":{"line":54,"column":null}},"3":{"start":{"line":36,"column":21},"end":{"line":36,"column":null}},"4":{"start":{"line":38,"column":2},"end":{"line":52,"column":null}}},"fnMap":{"0":{"name":"(anonymous_0)","decl":{"start":{"line":28,"column":55},"end":{"line":28,"column":56}},"loc":{"start":{"line":35,"column":6},"end":{"line":54,"column":null}},"line":35}},"branchMap":{"0":{"loc":{"start":{"line":30,"column":2},"end":{"line":30,"column":null}},"type":"default-arg","locations":[{"start":{"line":30,"column":8},"end":{"line":30,"column":null}}],"line":30},"1":{"loc":{"start":{"line":31,"column":2},"end":{"line":31,"column":null}},"type":"default-arg","locations":[{"start":{"line":31,"column":12},"end":{"line":31,"column":null}}],"line":31},"2":{"loc":{"start":{"line":32,"column":2},"end":{"line":32,"column":null}},"type":"default-arg","locations":[{"start":{"line":32,"column":9},"end":{"line":32,"column":null}}],"line":32},"3":{"loc":{"start":{"line":34,"column":2},"end":{"line":34,"column":null}},"type":"default-arg","locations":[{"start":{"line":34,"column":14},"end":{"line":34,"column":null}}],"line":34},"4":{"loc":{"start":{"line":40,"column":7},"end":{"line":44,"column":null}},"type":"binary-expr","locations":[{"start":{"line":40,"column":7},"end":{"line":40,"column":null}},{"start":{"line":41,"column":8},"end":{"line":44,"column":null}}],"line":40}},"s":{"0":0,"1":0,"2":0,"3":0,"4":0},"f":{"0":0},"b":{"0":[0],"1":[0],"2":[0],"3":[0],"4":[0,0]},"meta":{"lastBranch":5,"lastFunction":1,"lastStatement":5,"seen":{"s:15:55:20:Infinity":0,"s:22:14:26:Infinity":1,"s:28:55:54:Infinity":2,"f:28:55:28:56":0,"b:30:8:30:Infinity":0,"b:31:12:31:Infinity":1,"b:32:9:32:Infinity":2,"b:34:14:34:Infinity":3,"s:36:21:36:Infinity":3,"s:38:2:52:Infinity":4,"b:40:7:40:Infinity:41:8:44:Infinity":4}}}
,"/app/src/constants/config.ts": {"path":"/app/src/constants/config.ts","statementMap":{"0":{"start":{"line":2,"column":26},"end":{"line":16,"column":null}}},"fnMap":{},"branchMap":{},"s":{"0":2},"f":{},"b":{},"meta":{"lastBranch":0,"lastFunction":0,"lastStatement":1,"seen":{"s:2:26:16:Infinity":0}}}
,"/app/src/context/SettingsContext.tsx": {"path":"/app/src/context/SettingsContext.tsx","statementMap":{"0":{"start":{"line":6,"column":13},"end":{"line":15,"column":null}},"1":{"start":{"line":17,"column":32},"end":{"line":61,"column":null}},"2":{"start":{"line":18,"column":34},"end":{"line":18,"column":null}},"3":{"start":{"line":19,"column":42},"end":{"line":19,"column":null}},"4":{"start":{"line":20,"column":44},"end":{"line":20,"column":null}},"5":{"start":{"line":21,"column":58},"end":{"line":21,"column":null}},"6":{"start":{"line":23,"column":2},"end":{"line":37,"column":null}},"7":{"start":{"line":25,"column":4},"end":{"line":29,"column":null}},"8":{"start":{"line":26,"column":6},"end":{"line":26,"column":null}},"9":{"start":{"line":28,"column":6},"end":{"line":28,"column":null}},"10":{"start":{"line":32,"column":4},"end":{"line":36,"column":null}},"11":{"start":{"line":33,"column":6},"end":{"line":33,"column":null}},"12":{"start":{"line":35,"column":6},"end":{"line":35,"column":null}},"13":{"start":{"line":39,"column":25},"end":{"line":39,"column":null}},"14":{"start":{"line":39,"column":31},"end":{"line":39,"column":null}},"15":{"start":{"line":39,"column":53},"end":{"line":39,"column":58}},"16":{"start":{"line":40,"column":22},"end":{"line":40,"column":null}},"17":{"start":{"line":40,"column":28},"end":{"line":40,"column":null}},"18":{"start":{"line":40,"column":54},"end":{"line":40,"column":59}},"19":{"start":{"line":42,"column":24},"end":{"line":47,"column":null}},"20":{"start":{"line":43,"column":4},"end":{"line":43,"column":null}},"21":{"start":{"line":43,"column":31},"end":{"line":43,"column":36}},"22":{"start":{"line":44,"column":4},"end":{"line":46,"column":null}},"23":{"start":{"line":45,"column":6},"end":{"line":45,"column":null}},"24":{"start":{"line":49,"column":29},"end":{"line":49,"column":null}},"25":{"start":{"line":49,"column":35},"end":{"line":49,"column":null}},"26":{"start":{"line":49,"column":69},"end":{"line":49,"column":74}},"27":{"start":{"line":51,"column":2},"end":{"line":59,"column":null}}},"fnMap":{"0":{"name":"(anonymous_0)","decl":{"start":{"line":8,"column":18},"end":{"line":8,"column":24}},"loc":{"start":{"line":8,"column":24},"end":{"line":8,"column":null}},"line":8},"1":{"name":"(anonymous_1)","decl":{"start":{"line":10,"column":15},"end":{"line":10,"column":21}},"loc":{"start":{"line":10,"column":21},"end":{"line":10,"column":null}},"line":10},"2":{"name":"(anonymous_2)","decl":{"start":{"line":12,"column":17},"end":{"line":12,"column":23}},"loc":{"start":{"line":12,"column":23},"end":{"line":12,"column":null}},"line":12},"3":{"name":"(anonymous_3)","decl":{"start":{"line":14,"column":22},"end":{"line":14,"column":28}},"loc":{"start":{"line":14,"column":28},"end":{"line":14,"column":null}},"line":14},"4":{"name":"(anonymous_4)","decl":{"start":{"line":17,"column":32},"end":{"line":17,"column":33}},"loc":{"start":{"line":17,"column":82},"end":{"line":61,"column":null}},"line":17},"5":{"name":"(anonymous_5)","decl":{"start":{"line":23,"column":12},"end":{"line":23,"column":18}},"loc":{"start":{"line":23,"column":18},"end":{"line":37,"column":5}},"line":23},"6":{"name":"(anonymous_6)","decl":{"start":{"line":39,"column":25},"end":{"line":39,"column":31}},"loc":{"start":{"line":39,"column":31},"end":{"line":39,"column":null}},"line":39},"7":{"name":"(anonymous_7)","decl":{"start":{"line":39,"column":45},"end":{"line":39,"column":53}},"loc":{"start":{"line":39,"column":53},"end":{"line":39,"column":58}},"line":39},"8":{"name":"(anonymous_8)","decl":{"start":{"line":40,"column":22},"end":{"line":40,"column":28}},"loc":{"start":{"line":40,"column":28},"end":{"line":40,"column":null}},"line":40},"9":{"name":"(anonymous_9)","decl":{"start":{"line":40,"column":46},"end":{"line":40,"column":54}},"loc":{"start":{"line":40,"column":54},"end":{"line":40,"column":59}},"line":40},"10":{"name":"(anonymous_10)","decl":{"start":{"line":42,"column":24},"end":{"line":42,"column":30}},"loc":{"start":{"line":42,"column":30},"end":{"line":47,"column":null}},"line":42},"11":{"name":"(anonymous_11)","decl":{"start":{"line":43,"column":23},"end":{"line":43,"column":31}},"loc":{"start":{"line":43,"column":31},"end":{"line":43,"column":36}},"line":43},"12":{"name":"(anonymous_12)","decl":{"start":{"line":49,"column":29},"end":{"line":49,"column":35}},"loc":{"start":{"line":49,"column":35},"end":{"line":49,"column":null}},"line":49},"13":{"name":"(anonymous_13)","decl":{"start":{"line":49,"column":61},"end":{"line":49,"column":69}},"loc":{"start":{"line":49,"column":69},"end":{"line":49,"column":74}},"line":49}},"branchMap":{"0":{"loc":{"start":{"line":25,"column":4},"end":{"line":29,"column":null}},"type":"if","locations":[{"start":{"line":25,"column":4},"end":{"line":29,"column":null}},{"start":{"line":27,"column":11},"end":{"line":29,"column":null}}],"line":25},"1":{"loc":{"start":{"line":32,"column":4},"end":{"line":36,"column":null}},"type":"if","locations":[{"start":{"line":32,"column":4},"end":{"line":36,"column":null}},{"start":{"line":34,"column":11},"end":{"line":36,"column":null}}],"line":32},"2":{"loc":{"start":{"line":44,"column":4},"end":{"line":46,"column":null}},"type":"if","locations":[{"start":{"line":44,"column":4},"end":{"line":46,"column":null}},{"start":{},"end":{}}],"line":44},"3":{"loc":{"start":{"line":44,"column":8},"end":{"line":44,"column":47}},"type":"binary-expr","locations":[{"start":{"line":44,"column":8},"end":{"line":44,"column":29}},{"start":{"line":44,"column":29},"end":{"line":44,"column":47}}],"line":44}},"s":{"0":0,"1":0,"2":0,"3":0,"4":0,"5":0,"6":0,"7":0,"8":0,"9":0,"10":0,"11":0,"12":0,"13":0,"14":0,"15":0,"16":0,"17":0,"18":0,"19":0,"20":0,"21":0,"22":0,"23":0,"24":0,"25":0,"26":0,"27":0},"f":{"0":0,"1":0,"2":0,"3":0,"4":0,"5":0,"6":0,"7":0,"8":0,"9":0,"10":0,"11":0,"12":0,"13":0},"b":{"0":[0,0],"1":[0,0],"2":[0,0],"3":[0,0]},"meta":{"lastBranch":4,"lastFunction":14,"lastStatement":28,"seen":{"s:6:13:15:Infinity":0,"f:8:18:8:24":0,"f:10:15:10:21":1,"f:12:17:12:23":2,"f:14:22:14:28":3,"s:17:32:61:Infinity":1,"f:17:32:17:33":4,"s:18:34:18:Infinity":2,"s:19:42:19:Infinity":3,"s:20:44:20:Infinity":4,"s:21:58:21:Infinity":5,"s:23:2:37:Infinity":6,"f:23:12:23:18":5,"b:25:4:29:Infinity:27:11:29:Infinity":0,"s:25:4:29:Infinity":7,"s:26:6:26:Infinity":8,"s:28:6:28:Infinity":9,"b:32:4:36:Infinity:34:11:36:Infinity":1,"s:32:4:36:Infinity":10,"s:33:6:33:Infinity":11,"s:35:6:35:Infinity":12,"s:39:25:39:Infinity":13,"f:39:25:39:31":6,"s:39:31:39:Infinity":14,"f:39:45:39:53":7,"s:39:53:39:58":15,"s:40:22:40:Infinity":16,"f:40:22:40:28":8,"s:40:28:40:Infinity":17,"f:40:46:40:54":9,"s:40:54:40:59":18,"s:42:24:47:Infinity":19,"f:42:24:42:30":10,"s:43:4:43:Infinity":20,"f:43:23:43:31":11,"s:43:31:43:36":21,"b:44:4:46:Infinity:undefined:undefined:undefined:undefined":2,"s:44:4:46:Infinity":22,"b:44:8:44:29:44:29:44:47":3,"s:45:6:45:Infinity":23,"s:49:29:49:Infinity":24,"f:49:29:49:35":12,"s:49:35:49:Infinity":25,"f:49:61:49:69":13,"s:49:69:49:74":26,"s:51:2:59:Infinity":27}}}
,"/app/src/features/quiz/QuizContainer.tsx": {"path":"/app/src/features/quiz/QuizContainer.tsx","statementMap":{"0":{"start":{"line":24,"column":39},"end":{"line":338,"column":null}},"1":{"start":{"line":46,"column":2},"end":{"line":46,"column":null}},"2":{"start":{"line":48,"column":33},"end":{"line":48,"column":null}},"3":{"start":{"line":49,"column":37},"end":{"line":49,"column":null}},"4":{"start":{"line":50,"column":42},"end":{"line":50,"column":null}},"5":{"start":{"line":53,"column":23},"end":{"line":67,"column":null}},"6":{"start":{"line":54,"column":4},"end":{"line":66,"column":null}},"7":{"start":{"line":59,"column":8},"end":{"line":59,"column":null}},"8":{"start":{"line":61,"column":8},"end":{"line":61,"column":null}},"9":{"start":{"line":63,"column":8},"end":{"line":63,"column":null}},"10":{"start":{"line":65,"column":8},"end":{"line":65,"column":null}},"11":{"start":{"line":70,"column":26},"end":{"line":85,"column":null}},"12":{"start":{"line":71,"column":4},"end":{"line":84,"column":null}},"13":{"start":{"line":73,"column":8},"end":{"line":73,"column":null}},"14":{"start":{"line":74,"column":8},"end":{"line":74,"column":null}},"15":{"start":{"line":76,"column":8},"end":{"line":76,"column":null}},"16":{"start":{"line":77,"column":8},"end":{"line":77,"column":null}},"17":{"start":{"line":79,"column":8},"end":{"line":79,"column":null}},"18":{"start":{"line":80,"column":8},"end":{"line":80,"column":null}},"19":{"start":{"line":82,"column":8},"end":{"line":82,"column":null}},"20":{"start":{"line":83,"column":8},"end":{"line":83,"column":null}},"21":{"start":{"line":88,"column":2},"end":{"line":95,"column":null}},"22":{"start":{"line":89,"column":4},"end":{"line":93,"column":null}},"23":{"start":{"line":98,"column":2},"end":{"line":117,"column":null}},"24":{"start":{"line":100,"column":4},"end":{"line":116,"column":null}},"25":{"start":{"line":101,"column":8},"end":{"line":107,"column":null}},"26":{"start":{"line":109,"column":4},"end":{"line":116,"column":null}},"27":{"start":{"line":110,"column":8},"end":{"line":114,"column":null}},"28":{"start":{"line":119,"column":2},"end":{"line":134,"column":null}},"29":{"start":{"line":120,"column":4},"end":{"line":132,"column":null}},"30":{"start":{"line":136,"column":2},"end":{"line":151,"column":null}},"31":{"start":{"line":137,"column":4},"end":{"line":149,"column":null}},"32":{"start":{"line":154,"column":2},"end":{"line":169,"column":null}},"33":{"start":{"line":155,"column":4},"end":{"line":167,"column":null}},"34":{"start":{"line":172,"column":30},"end":{"line":322,"column":null}},"35":{"start":{"line":173,"column":4},"end":{"line":321,"column":null}},"36":{"start":{"line":175,"column":8},"end":{"line":175,"column":null}},"37":{"start":{"line":178,"column":8},"end":{"line":178,"column":null}},"38":{"start":{"line":181,"column":8},"end":{"line":190,"column":null}},"39":{"start":{"line":185,"column":18},"end":{"line":188,"column":null}},"40":{"start":{"line":194,"column":8},"end":{"line":203,"column":null}},"41":{"start":{"line":198,"column":15},"end":{"line":201,"column":null}},"42":{"start":{"line":208,"column":22},"end":{"line":208,"column":null}},"43":{"start":{"line":209,"column":8},"end":{"line":215,"column":null}},"44":{"start":{"line":219,"column":8},"end":{"line":228,"column":null}},"45":{"start":{"line":222,"column":16},"end":{"line":225,"column":null}},"46":{"start":{"line":233,"column":8},"end":{"line":319,"column":null}},"47":{"start":{"line":324,"column":2},"end":{"line":336,"column":null}},"48":{"start":{"line":328,"column":28},"end":{"line":328,"column":null}},"49":{"start":{"line":333,"column":60},"end":{"line":333,"column":86}}},"fnMap":{"0":{"name":"(anonymous_0)","decl":{"start":{"line":24,"column":39},"end":{"line":24,"column":45}},"loc":{"start":{"line":24,"column":45},"end":{"line":338,"column":null}},"line":24},"1":{"name":"(anonymous_1)","decl":{"start":{"line":53,"column":23},"end":{"line":53,"column":36}},"loc":{"start":{"line":53,"column":36},"end":{"line":67,"column":null}},"line":53},"2":{"name":"(anonymous_2)","decl":{"start":{"line":70,"column":26},"end":{"line":70,"column":27}},"loc":{"start":{"line":70,"column":42},"end":{"line":85,"column":null}},"line":70},"3":{"name":"(anonymous_3)","decl":{"start":{"line":172,"column":30},"end":{"line":172,"column":36}},"loc":{"start":{"line":172,"column":36},"end":{"line":322,"column":null}},"line":172},"4":{"name":"(anonymous_4)","decl":{"start":{"line":184,"column":23},"end":{"line":184,"column":24}},"loc":{"start":{"line":184,"column":42},"end":{"line":189,"column":null}},"line":184},"5":{"name":"(anonymous_5)","decl":{"start":{"line":197,"column":21},"end":{"line":197,"column":22}},"loc":{"start":{"line":197,"column":40},"end":{"line":202,"column":null}},"line":197},"6":{"name":"(anonymous_6)","decl":{"start":{"line":221,"column":21},"end":{"line":221,"column":22}},"loc":{"start":{"line":221,"column":51},"end":{"line":226,"column":null}},"line":221},"7":{"name":"(anonymous_7)","decl":{"start":{"line":328,"column":22},"end":{"line":328,"column":28}},"loc":{"start":{"line":328,"column":28},"end":{"line":328,"column":null}},"line":328},"8":{"name":"(anonymous_8)","decl":{"start":{"line":333,"column":54},"end":{"line":333,"column":60}},"loc":{"start":{"line":333,"column":60},"end":{"line":333,"column":86}},"line":333}},"branchMap":{"0":{"loc":{"start":{"line":54,"column":4},"end":{"line":66,"column":null}},"type":"switch","locations":[{"start":{"line":55,"column":6},"end":{"line":55,"column":null}},{"start":{"line":56,"column":6},"end":{"line":56,"column":null}},{"start":{"line":57,"column":6},"end":{"line":57,"column":null}},{"start":{"line":58,"column":6},"end":{"line":59,"column":null}},{"start":{"line":60,"column":6},"end":{"line":61,"column":null}},{"start":{"line":62,"column":6},"end":{"line":63,"column":null}},{"start":{"line":64,"column":6},"end":{"line":65,"column":null}}],"line":54},"1":{"loc":{"start":{"line":71,"column":4},"end":{"line":84,"column":null}},"type":"switch","locations":[{"start":{"line":72,"column":6},"end":{"line":74,"column":null}},{"start":{"line":75,"column":6},"end":{"line":77,"column":null}},{"start":{"line":78,"column":6},"end":{"line":80,"column":null}},{"start":{"line":81,"column":6},"end":{"line":83,"column":null}}],"line":71},"2":{"loc":{"start":{"line":88,"column":2},"end":{"line":95,"column":null}},"type":"if","locations":[{"start":{"line":88,"column":2},"end":{"line":95,"column":null}},{"start":{},"end":{}}],"line":88},"3":{"loc":{"start":{"line":91,"column":9},"end":{"line":91,"column":null}},"type":"binary-expr","locations":[{"start":{"line":91,"column":9},"end":{"line":91,"column":35}},{"start":{"line":91,"column":35},"end":{"line":91,"column":null}}],"line":91},"4":{"loc":{"start":{"line":98,"column":2},"end":{"line":117,"column":null}},"type":"if","locations":[{"start":{"line":98,"column":2},"end":{"line":117,"column":null}},{"start":{},"end":{}}],"line":98},"5":{"loc":{"start":{"line":100,"column":4},"end":{"line":116,"column":null}},"type":"if","locations":[{"start":{"line":100,"column":4},"end":{"line":116,"column":null}},{"start":{"line":109,"column":4},"end":{"line":116,"column":null}}],"line":100},"6":{"loc":{"start":{"line":104,"column":25},"end":{"line":104,"column":null}},"type":"binary-expr","locations":[{"start":{"line":104,"column":25},"end":{"line":104,"column":42}},{"start":{"line":104,"column":42},"end":{"line":104,"column":null}}],"line":104},"7":{"loc":{"start":{"line":109,"column":4},"end":{"line":116,"column":null}},"type":"if","locations":[{"start":{"line":109,"column":4},"end":{"line":116,"column":null}},{"start":{},"end":{}}],"line":109},"8":{"loc":{"start":{"line":119,"column":2},"end":{"line":134,"column":null}},"type":"if","locations":[{"start":{"line":119,"column":2},"end":{"line":134,"column":null}},{"start":{},"end":{}}],"line":119},"9":{"loc":{"start":{"line":123,"column":22},"end":{"line":123,"column":null}},"type":"binary-expr","locations":[{"start":{"line":123,"column":22},"end":{"line":123,"column":44}},{"start":{"line":123,"column":44},"end":{"line":123,"column":null}}],"line":123},"10":{"loc":{"start":{"line":129,"column":23},"end":{"line":129,"column":null}},"type":"binary-expr","locations":[{"start":{"line":129,"column":23},"end":{"line":129,"column":40}},{"start":{"line":129,"column":40},"end":{"line":129,"column":null}}],"line":129},"11":{"loc":{"start":{"line":136,"column":2},"end":{"line":151,"column":null}},"type":"if","locations":[{"start":{"line":136,"column":2},"end":{"line":151,"column":null}},{"start":{},"end":{}}],"line":136},"12":{"loc":{"start":{"line":140,"column":20},"end":{"line":140,"column":null}},"type":"binary-expr","locations":[{"start":{"line":140,"column":20},"end":{"line":140,"column":39}},{"start":{"line":140,"column":39},"end":{"line":140,"column":null}}],"line":140},"13":{"loc":{"start":{"line":146,"column":23},"end":{"line":146,"column":null}},"type":"binary-expr","locations":[{"start":{"line":146,"column":23},"end":{"line":146,"column":40}},{"start":{"line":146,"column":40},"end":{"line":146,"column":null}}],"line":146},"14":{"loc":{"start":{"line":154,"column":2},"end":{"line":169,"column":null}},"type":"if","locations":[{"start":{"line":154,"column":2},"end":{"line":169,"column":null}},{"start":{},"end":{}}],"line":154},"15":{"loc":{"start":{"line":173,"column":4},"end":{"line":321,"column":null}},"type":"switch","locations":[{"start":{"line":174,"column":6},"end":{"line":175,"column":null}},{"start":{"line":177,"column":6},"end":{"line":178,"column":null}},{"start":{"line":180,"column":6},"end":{"line":190,"column":null}},{"start":{"line":193,"column":6},"end":{"line":203,"column":null}},{"start":{"line":206,"column":6},"end":{"line":215,"column":null}},{"start":{"line":218,"column":6},"end":{"line":228,"column":null}},{"start":{"line":232,"column":6},"end":{"line":319,"column":null}}],"line":173},"16":{"loc":{"start":{"line":185,"column":47},"end":{"line":188,"column":19}},"type":"binary-expr","locations":[{"start":{"line":185,"column":47},"end":{"line":185,"column":58}},{"start":{"line":185,"column":58},"end":{"line":188,"column":19}}],"line":185},"17":{"loc":{"start":{"line":198,"column":40},"end":{"line":201,"column":16}},"type":"binary-expr","locations":[{"start":{"line":198,"column":40},"end":{"line":198,"column":51}},{"start":{"line":198,"column":51},"end":{"line":201,"column":16}}],"line":198},"18":{"loc":{"start":{"line":208,"column":22},"end":{"line":208,"column":null}},"type":"binary-expr","locations":[{"start":{"line":208,"column":22},"end":{"line":208,"column":41}},{"start":{"line":208,"column":41},"end":{"line":208,"column":null}}],"line":208},"19":{"loc":{"start":{"line":211,"column":26},"end":{"line":211,"column":null}},"type":"cond-expr","locations":[{"start":{"line":211,"column":34},"end":{"line":211,"column":60}},{"start":{"line":211,"column":60},"end":{"line":211,"column":null}}],"line":211},"20":{"loc":{"start":{"line":212,"column":23},"end":{"line":212,"column":null}},"type":"binary-expr","locations":[{"start":{"line":212,"column":23},"end":{"line":212,"column":40}},{"start":{"line":212,"column":40},"end":{"line":212,"column":null}}],"line":212},"21":{"loc":{"start":{"line":222,"column":37},"end":{"line":225,"column":19}},"type":"binary-expr","locations":[{"start":{"line":222,"column":37},"end":{"line":222,"column":48}},{"start":{"line":222,"column":48},"end":{"line":225,"column":19}}],"line":222},"22":{"loc":{"start":{"line":225,"column":19},"end":{"line":225,"column":37}},"type":"binary-expr","locations":[{"start":{"line":225,"column":19},"end":{"line":225,"column":27}},{"start":{"line":225,"column":27},"end":{"line":225,"column":37}}],"line":225},"23":{"loc":{"start":{"line":330,"column":7},"end":{"line":330,"column":null}},"type":"binary-expr","locations":[{"start":{"line":330,"column":7},"end":{"line":330,"column":33}},{"start":{"line":330,"column":33},"end":{"line":330,"column":null}}],"line":330}},"s":{"0":0,"1":0,"2":0,"3":0,"4":0,"5":0,"6":0,"7":0,"8":0,"9":0,"10":0,"11":0,"12":0,"13":0,"14":0,"15":0,"16":0,"17":0,"18":0,"19":0,"20":0,"21":0,"22":0,"23":0,"24":0,"25":0,"26":0,"27":0,"28":0,"29":0,"30":0,"31":0,"32":0,"33":0,"34":0,"35":0,"36":0,"37":0,"38":0,"39":0,"40":0,"41":0,"42":0,"43":0,"44":0,"45":0,"46":0,"47":0,"48":0,"49":0},"f":{"0":0,"1":0,"2":0,"3":0,"4":0,"5":0,"6":0,"7":0,"8":0},"b":{"0":[0,0,0,0,0,0,0],"1":[0,0,0,0],"2":[0,0],"3":[0,0],"4":[0,0],"5":[0,0],"6":[0,0],"7":[0,0],"8":[0,0],"9":[0,0],"10":[0,0],"11":[0,0],"12":[0,0],"13":[0,0],"14":[0,0],"15":[0,0,0,0,0,0,0],"16":[0,0],"17":[0,0],"18":[0,0],"19":[0,0],"20":[0,0],"21":[0,0],"22":[0,0],"23":[0,0]},"meta":{"lastBranch":24,"lastFunction":9,"lastStatement":50,"seen":{"s:24:39:338:Infinity":0,"f:24:39:24:45":0,"s:46:2:46:Infinity":1,"s:48:33:48:Infinity":2,"s:49:37:49:Infinity":3,"s:50:42:50:Infinity":4,"s:53:23:67:Infinity":5,"f:53:23:53:36":1,"b:55:6:55:Infinity:56:6:56:Infinity:57:6:57:Infinity:58:6:59:Infinity:60:6:61:Infinity:62:6:63:Infinity:64:6:65:Infinity":0,"s:54:4:66:Infinity":6,"s:59:8:59:Infinity":7,"s:61:8:61:Infinity":8,"s:63:8:63:Infinity":9,"s:65:8:65:Infinity":10,"s:70:26:85:Infinity":11,"f:70:26:70:27":2,"b:72:6:74:Infinity:75:6:77:Infinity:78:6:80:Infinity:81:6:83:Infinity":1,"s:71:4:84:Infinity":12,"s:73:8:73:Infinity":13,"s:74:8:74:Infinity":14,"s:76:8:76:Infinity":15,"s:77:8:77:Infinity":16,"s:79:8:79:Infinity":17,"s:80:8:80:Infinity":18,"s:82:8:82:Infinity":19,"s:83:8:83:Infinity":20,"b:88:2:95:Infinity:undefined:undefined:undefined:undefined":2,"s:88:2:95:Infinity":21,"s:89:4:93:Infinity":22,"b:91:9:91:35:91:35:91:Infinity":3,"b:98:2:117:Infinity:undefined:undefined:undefined:undefined":4,"s:98:2:117:Infinity":23,"b:100:4:116:Infinity:109:4:116:Infinity":5,"s:100:4:116:Infinity":24,"s:101:8:107:Infinity":25,"b:104:25:104:42:104:42:104:Infinity":6,"b:109:4:116:Infinity:undefined:undefined:undefined:undefined":7,"s:109:4:116:Infinity":26,"s:110:8:114:Infinity":27,"b:119:2:134:Infinity:undefined:undefined:undefined:undefined":8,"s:119:2:134:Infinity":28,"s:120:4:132:Infinity":29,"b:123:22:123:44:123:44:123:Infinity":9,"b:129:23:129:40:129:40:129:Infinity":10,"b:136:2:151:Infinity:undefined:undefined:undefined:undefined":11,"s:136:2:151:Infinity":30,"s:137:4:149:Infinity":31,"b:140:20:140:39:140:39:140:Infinity":12,"b:146:23:146:40:146:40:146:Infinity":13,"b:154:2:169:Infinity:undefined:undefined:undefined:undefined":14,"s:154:2:169:Infinity":32,"s:155:4:167:Infinity":33,"s:172:30:322:Infinity":34,"f:172:30:172:36":3,"b:174:6:175:Infinity:177:6:178:Infinity:180:6:190:Infinity:193:6:203:Infinity:206:6:215:Infinity:218:6:228:Infinity:232:6:319:Infinity":15,"s:173:4:321:Infinity":35,"s:175:8:175:Infinity":36,"s:178:8:178:Infinity":37,"s:181:8:190:Infinity":38,"f:184:23:184:24":4,"s:185:18:188:Infinity":39,"b:185:47:185:58:185:58:188:19":16,"s:194:8:203:Infinity":40,"f:197:21:197:22":5,"s:198:15:201:Infinity":41,"b:198:40:198:51:198:51:201:16":17,"s:208:22:208:Infinity":42,"b:208:22:208:41:208:41:208:Infinity":18,"s:209:8:215:Infinity":43,"b:211:34:211:60:211:60:211:Infinity":19,"b:212:23:212:40:212:40:212:Infinity":20,"s:219:8:228:Infinity":44,"f:221:21:221:22":6,"s:222:16:225:Infinity":45,"b:222:37:222:48:222:48:225:19":21,"b:225:19:225:27:225:27:225:37":22,"s:233:8:319:Infinity":46,"s:324:2:336:Infinity":47,"f:328:22:328:28":7,"s:328:28:328:Infinity":48,"b:330:7:330:33:330:33:330:Infinity":23,"f:333:54:333:60":8,"s:333:60:333:86":49}}}
,"/app/src/features/quiz/components/EnglishQuizHome.tsx": {"path":"/app/src/features/quiz/components/EnglishQuizHome.tsx","statementMap":{"0":{"start":{"line":11,"column":63},"end":{"line":80,"column":null}},"1":{"start":{"line":12,"column":2},"end":{"line":78,"column":null}}},"fnMap":{"0":{"name":"(anonymous_0)","decl":{"start":{"line":11,"column":63},"end":{"line":11,"column":64}},"loc":{"start":{"line":11,"column":93},"end":{"line":80,"column":null}},"line":11}},"branchMap":{},"s":{"0":0,"1":0},"f":{"0":0},"b":{},"meta":{"lastBranch":0,"lastFunction":1,"lastStatement":2,"seen":{"s:11:63:80:Infinity":0,"f:11:63:11:64":0,"s:12:2:78:Infinity":1}}}
,"/app/src/features/quiz/components/IdiomsConfig.tsx": {"path":"/app/src/features/quiz/components/IdiomsConfig.tsx","statementMap":{"0":{"start":{"line":18,"column":37},"end":{"line":28,"column":null}},"1":{"start":{"line":30,"column":57},"end":{"line":300,"column":null}},"2":{"start":{"line":31,"column":28},"end":{"line":31,"column":null}},"3":{"start":{"line":32,"column":42},"end":{"line":32,"column":null}},"4":{"start":{"line":33,"column":30},"end":{"line":33,"column":null}},"5":{"start":{"line":34,"column":32},"end":{"line":34,"column":null}},"6":{"start":{"line":37,"column":2},"end":{"line":44,"column":null}},"7":{"start":{"line":39,"column":18},"end":{"line":42,"column":null}},"8":{"start":{"line":40,"column":8},"end":{"line":40,"column":null}},"9":{"start":{"line":41,"column":8},"end":{"line":41,"column":null}},"10":{"start":{"line":43,"column":4},"end":{"line":43,"column":null}},"11":{"start":{"line":43,"column":17},"end":{"line":43,"column":null}},"12":{"start":{"line":47,"column":8},"end":{"line":47,"column":null}},"13":{"start":{"line":47,"column":37},"end":{"line":47,"column":106}},"14":{"start":{"line":47,"column":74},"end":{"line":47,"column":94}},"15":{"start":{"line":48,"column":8},"end":{"line":48,"column":null}},"16":{"start":{"line":48,"column":37},"end":{"line":48,"column":115}},"17":{"start":{"line":48,"column":74},"end":{"line":48,"column":103}},"18":{"start":{"line":49,"column":8},"end":{"line":49,"column":null}},"19":{"start":{"line":49,"column":33},"end":{"line":49,"column":73}},"20":{"start":{"line":52,"column":8},"end":{"line":76,"column":null}},"21":{"start":{"line":53,"column":38},"end":{"line":53,"column":null}},"22":{"start":{"line":54,"column":21},"end":{"line":69,"column":null}},"23":{"start":{"line":55,"column":8},"end":{"line":68,"column":null}},"24":{"start":{"line":57,"column":12},"end":{"line":57,"column":null}},"25":{"start":{"line":57,"column":114},"end":{"line":57,"column":null}},"26":{"start":{"line":58,"column":12},"end":{"line":58,"column":null}},"27":{"start":{"line":58,"column":124},"end":{"line":58,"column":null}},"28":{"start":{"line":59,"column":12},"end":{"line":59,"column":null}},"29":{"start":{"line":59,"column":124},"end":{"line":59,"column":null}},"30":{"start":{"line":62,"column":12},"end":{"line":62,"column":null}},"31":{"start":{"line":62,"column":101},"end":{"line":62,"column":null}},"32":{"start":{"line":64,"column":12},"end":{"line":64,"column":null}},"33":{"start":{"line":64,"column":35},"end":{"line":64,"column":null}},"34":{"start":{"line":65,"column":12},"end":{"line":65,"column":null}},"35":{"start":{"line":65,"column":36},"end":{"line":65,"column":null}},"36":{"start":{"line":66,"column":12},"end":{"line":66,"column":null}},"37":{"start":{"line":66,"column":38},"end":{"line":66,"column":null}},"38":{"start":{"line":67,"column":12},"end":{"line":67,"column":null}},"39":{"start":{"line":71,"column":4},"end":{"line":71,"column":null}},"40":{"start":{"line":71,"column":33},"end":{"line":71,"column":68}},"41":{"start":{"line":72,"column":4},"end":{"line":72,"column":null}},"42":{"start":{"line":72,"column":33},"end":{"line":72,"column":69}},"43":{"start":{"line":73,"column":4},"end":{"line":73,"column":null}},"44":{"start":{"line":73,"column":47},"end":{"line":73,"column":85}},"45":{"start":{"line":75,"column":4},"end":{"line":75,"column":null}},"46":{"start":{"line":79,"column":8},"end":{"line":93,"column":null}},"47":{"start":{"line":80,"column":40},"end":{"line":80,"column":null}},"48":{"start":{"line":81,"column":6},"end":{"line":91,"column":null}},"49":{"start":{"line":82,"column":10},"end":{"line":90,"column":null}},"50":{"start":{"line":84,"column":14},"end":{"line":84,"column":null}},"51":{"start":{"line":84,"column":95},"end":{"line":84,"column":null}},"52":{"start":{"line":85,"column":14},"end":{"line":85,"column":null}},"53":{"start":{"line":85,"column":104},"end":{"line":85,"column":null}},"54":{"start":{"line":86,"column":14},"end":{"line":86,"column":null}},"55":{"start":{"line":86,"column":102},"end":{"line":86,"column":null}},"56":{"start":{"line":89,"column":14},"end":{"line":89,"column":null}},"57":{"start":{"line":92,"column":6},"end":{"line":92,"column":null}},"58":{"start":{"line":96,"column":8},"end":{"line":108,"column":null}},"59":{"start":{"line":97,"column":6},"end":{"line":107,"column":null}},"60":{"start":{"line":98,"column":10},"end":{"line":98,"column":null}},"61":{"start":{"line":98,"column":91},"end":{"line":98,"column":null}},"62":{"start":{"line":99,"column":10},"end":{"line":99,"column":null}},"63":{"start":{"line":99,"column":100},"end":{"line":99,"column":null}},"64":{"start":{"line":100,"column":10},"end":{"line":100,"column":null}},"65":{"start":{"line":100,"column":98},"end":{"line":100,"column":null}},"66":{"start":{"line":102,"column":10},"end":{"line":104,"column":null}},"67":{"start":{"line":103,"column":14},"end":{"line":103,"column":null}},"68":{"start":{"line":106,"column":10},"end":{"line":106,"column":null}},"69":{"start":{"line":110,"column":22},"end":{"line":116,"column":null}},"70":{"start":{"line":111,"column":6},"end":{"line":114,"column":null}},"71":{"start":{"line":112,"column":10},"end":{"line":112,"column":null}},"72":{"start":{"line":113,"column":10},"end":{"line":113,"column":null}},"73":{"start":{"line":115,"column":6},"end":{"line":115,"column":null}},"74":{"start":{"line":118,"column":29},"end":{"line":124,"column":null}},"75":{"start":{"line":119,"column":6},"end":{"line":123,"column":null}},"76":{"start":{"line":120,"column":10},"end":{"line":120,"column":null}},"77":{"start":{"line":120,"column":30},"end":{"line":120,"column":85}},"78":{"start":{"line":120,"column":70},"end":{"line":120,"column":81}},"79":{"start":{"line":122,"column":10},"end":{"line":122,"column":null}},"80":{"start":{"line":122,"column":30},"end":{"line":122,"column":53}},"81":{"start":{"line":126,"column":2},"end":{"line":132,"column":null}},"82":{"start":{"line":127,"column":6},"end":{"line":130,"column":null}},"83":{"start":{"line":134,"column":2},"end":{"line":298,"column":null}},"84":{"start":{"line":163,"column":43},"end":{"line":163,"column":null}},"85":{"start":{"line":174,"column":42},"end":{"line":174,"column":null}},"86":{"start":{"line":175,"column":47},"end":{"line":175,"column":null}},"87":{"start":{"line":176,"column":47},"end":{"line":176,"column":null}},"88":{"start":{"line":177,"column":28},"end":{"line":191,"column":null}},"89":{"start":{"line":180,"column":51},"end":{"line":180,"column":null}},"90":{"start":{"line":210,"column":52},"end":{"line":210,"column":null}},"91":{"start":{"line":210,"column":72},"end":{"line":210,"column":99}},"92":{"start":{"line":225,"column":47},"end":{"line":225,"column":null}},"93":{"start":{"line":226,"column":42},"end":{"line":226,"column":null}},"94":{"start":{"line":227,"column":47},"end":{"line":227,"column":null}},"95":{"start":{"line":229,"column":28},"end":{"line":252,"column":null}},"96":{"start":{"line":232,"column":51},"end":{"line":235,"column":null}},"97":{"start":{"line":233,"column":56},"end":{"line":233,"column":null}},"98":{"start":{"line":234,"column":40},"end":{"line":234,"column":null}},"99":{"start":{"line":234,"column":113},"end":{"line":234,"column":123}},"100":{"start":{"line":267,"column":49},"end":{"line":270,"column":null}},"101":{"start":{"line":268,"column":44},"end":{"line":268,"column":null}},"102":{"start":{"line":269,"column":28},"end":{"line":269,"column":null}},"103":{"start":{"line":269,"column":102},"end":{"line":269,"column":111}}},"fnMap":{"0":{"name":"(anonymous_0)","decl":{"start":{"line":30,"column":57},"end":{"line":30,"column":58}},"loc":{"start":{"line":30,"column":82},"end":{"line":300,"column":null}},"line":30},"1":{"name":"(anonymous_1)","decl":{"start":{"line":37,"column":12},"end":{"line":37,"column":18}},"loc":{"start":{"line":37,"column":18},"end":{"line":44,"column":5}},"line":37},"2":{"name":"(anonymous_2)","decl":{"start":{"line":39,"column":29},"end":{"line":39,"column":35}},"loc":{"start":{"line":39,"column":35},"end":{"line":42,"column":7}},"line":39},"3":{"name":"(anonymous_3)","decl":{"start":{"line":43,"column":11},"end":{"line":43,"column":17}},"loc":{"start":{"line":43,"column":17},"end":{"line":43,"column":null}},"line":43},"4":{"name":"(anonymous_4)","decl":{"start":{"line":47,"column":31},"end":{"line":47,"column":37}},"loc":{"start":{"line":47,"column":37},"end":{"line":47,"column":106}},"line":47},"5":{"name":"(anonymous_5)","decl":{"start":{"line":47,"column":69},"end":{"line":47,"column":74}},"loc":{"start":{"line":47,"column":74},"end":{"line":47,"column":94}},"line":47},"6":{"name":"(anonymous_6)","decl":{"start":{"line":48,"column":31},"end":{"line":48,"column":37}},"loc":{"start":{"line":48,"column":37},"end":{"line":48,"column":115}},"line":48},"7":{"name":"(anonymous_7)","decl":{"start":{"line":48,"column":69},"end":{"line":48,"column":74}},"loc":{"start":{"line":48,"column":74},"end":{"line":48,"column":103}},"line":48},"8":{"name":"(anonymous_8)","decl":{"start":{"line":49,"column":27},"end":{"line":49,"column":33}},"loc":{"start":{"line":49,"column":33},"end":{"line":49,"column":73}},"line":49},"9":{"name":"(anonymous_9)","decl":{"start":{"line":52,"column":25},"end":{"line":52,"column":31}},"loc":{"start":{"line":52,"column":31},"end":{"line":76,"column":5}},"line":52},"10":{"name":"(anonymous_10)","decl":{"start":{"line":54,"column":21},"end":{"line":54,"column":22}},"loc":{"start":{"line":54,"column":79},"end":{"line":69,"column":null}},"line":54},"11":{"name":"(anonymous_11)","decl":{"start":{"line":55,"column":31},"end":{"line":55,"column":36}},"loc":{"start":{"line":55,"column":36},"end":{"line":68,"column":9}},"line":55},"12":{"name":"(anonymous_12)","decl":{"start":{"line":71,"column":25},"end":{"line":71,"column":33}},"loc":{"start":{"line":71,"column":33},"end":{"line":71,"column":68}},"line":71},"13":{"name":"(anonymous_13)","decl":{"start":{"line":72,"column":25},"end":{"line":72,"column":33}},"loc":{"start":{"line":72,"column":33},"end":{"line":72,"column":69}},"line":72},"14":{"name":"(anonymous_14)","decl":{"start":{"line":73,"column":39},"end":{"line":73,"column":47}},"loc":{"start":{"line":73,"column":47},"end":{"line":73,"column":85}},"line":73},"15":{"name":"(anonymous_15)","decl":{"start":{"line":79,"column":31},"end":{"line":79,"column":37}},"loc":{"start":{"line":79,"column":37},"end":{"line":93,"column":5}},"line":79},"16":{"name":"(anonymous_16)","decl":{"start":{"line":81,"column":23},"end":{"line":81,"column":33}},"loc":{"start":{"line":81,"column":33},"end":{"line":91,"column":7}},"line":81},"17":{"name":"(anonymous_17)","decl":{"start":{"line":82,"column":38},"end":{"line":82,"column":43}},"loc":{"start":{"line":82,"column":43},"end":{"line":90,"column":11}},"line":82},"18":{"name":"(anonymous_18)","decl":{"start":{"line":96,"column":33},"end":{"line":96,"column":39}},"loc":{"start":{"line":96,"column":39},"end":{"line":108,"column":5}},"line":96},"19":{"name":"(anonymous_19)","decl":{"start":{"line":97,"column":29},"end":{"line":97,"column":34}},"loc":{"start":{"line":97,"column":34},"end":{"line":107,"column":7}},"line":97},"20":{"name":"(anonymous_20)","decl":{"start":{"line":110,"column":22},"end":{"line":110,"column":28}},"loc":{"start":{"line":110,"column":28},"end":{"line":116,"column":null}},"line":110},"21":{"name":"(anonymous_21)","decl":{"start":{"line":118,"column":29},"end":{"line":118,"column":30}},"loc":{"start":{"line":118,"column":76},"end":{"line":124,"column":null}},"line":118},"22":{"name":"(anonymous_22)","decl":{"start":{"line":120,"column":21},"end":{"line":120,"column":30}},"loc":{"start":{"line":120,"column":30},"end":{"line":120,"column":85}},"line":120},"23":{"name":"(anonymous_23)","decl":{"start":{"line":120,"column":65},"end":{"line":120,"column":70}},"loc":{"start":{"line":120,"column":70},"end":{"line":120,"column":81}},"line":120},"24":{"name":"(anonymous_24)","decl":{"start":{"line":122,"column":21},"end":{"line":122,"column":30}},"loc":{"start":{"line":122,"column":30},"end":{"line":122,"column":53}},"line":122},"25":{"name":"(anonymous_25)","decl":{"start":{"line":163,"column":37},"end":{"line":163,"column":43}},"loc":{"start":{"line":163,"column":43},"end":{"line":163,"column":null}},"line":163},"26":{"name":"(anonymous_26)","decl":{"start":{"line":173,"column":38},"end":{"line":173,"column":48}},"loc":{"start":{"line":173,"column":48},"end":{"line":193,"column":25}},"line":173},"27":{"name":"(anonymous_27)","decl":{"start":{"line":180,"column":45},"end":{"line":180,"column":51}},"loc":{"start":{"line":180,"column":51},"end":{"line":180,"column":null}},"line":180},"28":{"name":"(anonymous_28)","decl":{"start":{"line":210,"column":43},"end":{"line":210,"column":44}},"loc":{"start":{"line":210,"column":52},"end":{"line":210,"column":null}},"line":210},"29":{"name":"(anonymous_29)","decl":{"start":{"line":210,"column":63},"end":{"line":210,"column":72}},"loc":{"start":{"line":210,"column":72},"end":{"line":210,"column":99}},"line":210},"30":{"name":"(anonymous_30)","decl":{"start":{"line":224,"column":42},"end":{"line":224,"column":50}},"loc":{"start":{"line":224,"column":50},"end":{"line":254,"column":25}},"line":224},"31":{"name":"(anonymous_31)","decl":{"start":{"line":232,"column":45},"end":{"line":232,"column":51}},"loc":{"start":{"line":232,"column":51},"end":{"line":235,"column":null}},"line":232},"32":{"name":"(anonymous_32)","decl":{"start":{"line":232,"column":77},"end":{"line":232,"column":85}},"loc":{"start":{"line":232,"column":85},"end":{"line":235,"column":37}},"line":232},"33":{"name":"(anonymous_33)","decl":{"start":{"line":234,"column":108},"end":{"line":234,"column":113}},"loc":{"start":{"line":234,"column":113},"end":{"line":234,"column":123}},"line":234},"34":{"name":"(anonymous_34)","decl":{"start":{"line":267,"column":40},"end":{"line":267,"column":41}},"loc":{"start":{"line":267,"column":49},"end":{"line":270,"column":null}},"line":267},"35":{"name":"(anonymous_35)","decl":{"start":{"line":267,"column":60},"end":{"line":267,"column":68}},"loc":{"start":{"line":267,"column":68},"end":{"line":270,"column":25}},"line":267},"36":{"name":"(anonymous_36)","decl":{"start":{"line":269,"column":97},"end":{"line":269,"column":102}},"loc":{"start":{"line":269,"column":102},"end":{"line":269,"column":111}},"line":269}},"branchMap":{"0":{"loc":{"start":{"line":57,"column":12},"end":{"line":57,"column":null}},"type":"if","locations":[{"start":{"line":57,"column":12},"end":{"line":57,"column":null}},{"start":{},"end":{}}],"line":57},"1":{"loc":{"start":{"line":57,"column":16},"end":{"line":57,"column":114}},"type":"binary-expr","locations":[{"start":{"line":57,"column":16},"end":{"line":57,"column":43}},{"start":{"line":57,"column":43},"end":{"line":57,"column":95}},{"start":{"line":57,"column":95},"end":{"line":57,"column":114}}],"line":57},"2":{"loc":{"start":{"line":58,"column":12},"end":{"line":58,"column":null}},"type":"if","locations":[{"start":{"line":58,"column":12},"end":{"line":58,"column":null}},{"start":{},"end":{}}],"line":58},"3":{"loc":{"start":{"line":58,"column":16},"end":{"line":58,"column":124}},"type":"binary-expr","locations":[{"start":{"line":58,"column":16},"end":{"line":58,"column":43}},{"start":{"line":58,"column":43},"end":{"line":58,"column":104}},{"start":{"line":58,"column":104},"end":{"line":58,"column":124}}],"line":58},"4":{"loc":{"start":{"line":59,"column":12},"end":{"line":59,"column":null}},"type":"if","locations":[{"start":{"line":59,"column":12},"end":{"line":59,"column":null}},{"start":{},"end":{}}],"line":59},"5":{"loc":{"start":{"line":59,"column":16},"end":{"line":59,"column":124}},"type":"binary-expr","locations":[{"start":{"line":59,"column":16},"end":{"line":59,"column":45}},{"start":{"line":59,"column":45},"end":{"line":59,"column":102}},{"start":{"line":59,"column":102},"end":{"line":59,"column":124}}],"line":59},"6":{"loc":{"start":{"line":62,"column":12},"end":{"line":62,"column":null}},"type":"if","locations":[{"start":{"line":62,"column":12},"end":{"line":62,"column":null}},{"start":{},"end":{}}],"line":62},"7":{"loc":{"start":{"line":62,"column":16},"end":{"line":62,"column":101}},"type":"binary-expr","locations":[{"start":{"line":62,"column":16},"end":{"line":62,"column":34}},{"start":{"line":62,"column":34},"end":{"line":62,"column":101}}],"line":62},"8":{"loc":{"start":{"line":64,"column":12},"end":{"line":64,"column":null}},"type":"if","locations":[{"start":{"line":64,"column":12},"end":{"line":64,"column":null}},{"start":{},"end":{}}],"line":64},"9":{"loc":{"start":{"line":65,"column":12},"end":{"line":65,"column":null}},"type":"if","locations":[{"start":{"line":65,"column":12},"end":{"line":65,"column":null}},{"start":{},"end":{}}],"line":65},"10":{"loc":{"start":{"line":66,"column":12},"end":{"line":66,"column":null}},"type":"if","locations":[{"start":{"line":66,"column":12},"end":{"line":66,"column":null}},{"start":{},"end":{}}],"line":66},"11":{"loc":{"start":{"line":84,"column":14},"end":{"line":84,"column":null}},"type":"if","locations":[{"start":{"line":84,"column":14},"end":{"line":84,"column":null}},{"start":{},"end":{}}],"line":84},"12":{"loc":{"start":{"line":84,"column":18},"end":{"line":84,"column":95}},"type":"binary-expr","locations":[{"start":{"line":84,"column":18},"end":{"line":84,"column":45}},{"start":{"line":84,"column":45},"end":{"line":84,"column":95}}],"line":84},"13":{"loc":{"start":{"line":85,"column":14},"end":{"line":85,"column":null}},"type":"if","locations":[{"start":{"line":85,"column":14},"end":{"line":85,"column":null}},{"start":{},"end":{}}],"line":85},"14":{"loc":{"start":{"line":85,"column":18},"end":{"line":85,"column":104}},"type":"binary-expr","locations":[{"start":{"line":85,"column":18},"end":{"line":85,"column":45}},{"start":{"line":85,"column":45},"end":{"line":85,"column":104}}],"line":85},"15":{"loc":{"start":{"line":86,"column":14},"end":{"line":86,"column":null}},"type":"if","locations":[{"start":{"line":86,"column":14},"end":{"line":86,"column":null}},{"start":{},"end":{}}],"line":86},"16":{"loc":{"start":{"line":86,"column":18},"end":{"line":86,"column":102}},"type":"binary-expr","locations":[{"start":{"line":86,"column":18},"end":{"line":86,"column":47}},{"start":{"line":86,"column":47},"end":{"line":86,"column":102}}],"line":86},"17":{"loc":{"start":{"line":98,"column":10},"end":{"line":98,"column":null}},"type":"if","locations":[{"start":{"line":98,"column":10},"end":{"line":98,"column":null}},{"start":{},"end":{}}],"line":98},"18":{"loc":{"start":{"line":98,"column":14},"end":{"line":98,"column":91}},"type":"binary-expr","locations":[{"start":{"line":98,"column":14},"end":{"line":98,"column":41}},{"start":{"line":98,"column":41},"end":{"line":98,"column":91}}],"line":98},"19":{"loc":{"start":{"line":99,"column":10},"end":{"line":99,"column":null}},"type":"if","locations":[{"start":{"line":99,"column":10},"end":{"line":99,"column":null}},{"start":{},"end":{}}],"line":99},"20":{"loc":{"start":{"line":99,"column":14},"end":{"line":99,"column":100}},"type":"binary-expr","locations":[{"start":{"line":99,"column":14},"end":{"line":99,"column":41}},{"start":{"line":99,"column":41},"end":{"line":99,"column":100}}],"line":99},"21":{"loc":{"start":{"line":100,"column":10},"end":{"line":100,"column":null}},"type":"if","locations":[{"start":{"line":100,"column":10},"end":{"line":100,"column":null}},{"start":{},"end":{}}],"line":100},"22":{"loc":{"start":{"line":100,"column":14},"end":{"line":100,"column":98}},"type":"binary-expr","locations":[{"start":{"line":100,"column":14},"end":{"line":100,"column":43}},{"start":{"line":100,"column":43},"end":{"line":100,"column":98}}],"line":100},"23":{"loc":{"start":{"line":102,"column":10},"end":{"line":104,"column":null}},"type":"if","locations":[{"start":{"line":102,"column":10},"end":{"line":104,"column":null}},{"start":{},"end":{}}],"line":102},"24":{"loc":{"start":{"line":111,"column":6},"end":{"line":114,"column":null}},"type":"if","locations":[{"start":{"line":111,"column":6},"end":{"line":114,"column":null}},{"start":{},"end":{}}],"line":111},"25":{"loc":{"start":{"line":119,"column":6},"end":{"line":123,"column":null}},"type":"if","locations":[{"start":{"line":119,"column":6},"end":{"line":123,"column":null}},{"start":{"line":121,"column":13},"end":{"line":123,"column":null}}],"line":119},"26":{"loc":{"start":{"line":126,"column":2},"end":{"line":132,"column":null}},"type":"if","locations":[{"start":{"line":126,"column":2},"end":{"line":132,"column":null}},{"start":{},"end":{}}],"line":126},"27":{"loc":{"start":{"line":166,"column":32},"end":{"line":168,"column":null}},"type":"cond-expr","locations":[{"start":{"line":167,"column":38},"end":{"line":167,"column":null}},{"start":{"line":168,"column":38},"end":{"line":168,"column":null}}],"line":166},"28":{"loc":{"start":{"line":174,"column":42},"end":{"line":174,"column":null}},"type":"binary-expr","locations":[{"start":{"line":174,"column":42},"end":{"line":174,"column":66}},{"start":{"line":174,"column":66},"end":{"line":174,"column":null}}],"line":174},"29":{"loc":{"start":{"line":180,"column":51},"end":{"line":180,"column":null}},"type":"binary-expr","locations":[{"start":{"line":180,"column":51},"end":{"line":180,"column":66}},{"start":{"line":180,"column":66},"end":{"line":180,"column":null}}],"line":180},"30":{"loc":{"start":{"line":180,"column":84},"end":{"line":180,"column":110}},"type":"cond-expr","locations":[{"start":{"line":180,"column":97},"end":{"line":180,"column":104}},{"start":{"line":180,"column":104},"end":{"line":180,"column":110}}],"line":180},"31":{"loc":{"start":{"line":184,"column":40},"end":{"line":186,"column":null}},"type":"cond-expr","locations":[{"start":{"line":185,"column":46},"end":{"line":185,"column":null}},{"start":{"line":186,"column":46},"end":{"line":186,"column":null}}],"line":184},"32":{"loc":{"start":{"line":187,"column":40},"end":{"line":187,"column":null}},"type":"binary-expr","locations":[{"start":{"line":187,"column":40},"end":{"line":187,"column":54}},{"start":{"line":187,"column":54},"end":{"line":187,"column":null}}],"line":187},"33":{"loc":{"start":{"line":226,"column":42},"end":{"line":226,"column":null}},"type":"binary-expr","locations":[{"start":{"line":226,"column":42},"end":{"line":226,"column":58}},{"start":{"line":226,"column":58},"end":{"line":226,"column":null}}],"line":226},"34":{"loc":{"start":{"line":227,"column":47},"end":{"line":227,"column":null}},"type":"binary-expr","locations":[{"start":{"line":227,"column":47},"end":{"line":227,"column":62}},{"start":{"line":227,"column":62},"end":{"line":227,"column":null}}],"line":227},"35":{"loc":{"start":{"line":232,"column":51},"end":{"line":235,"column":null}},"type":"binary-expr","locations":[{"start":{"line":232,"column":51},"end":{"line":232,"column":66}},{"start":{"line":232,"column":66},"end":{"line":235,"column":null}}],"line":232},"36":{"loc":{"start":{"line":234,"column":68},"end":{"line":234,"column":146}},"type":"cond-expr","locations":[{"start":{"line":234,"column":93},"end":{"line":234,"column":127}},{"start":{"line":234,"column":127},"end":{"line":234,"column":146}}],"line":234},"37":{"loc":{"start":{"line":239,"column":40},"end":{"line":241,"column":null}},"type":"cond-expr","locations":[{"start":{"line":240,"column":46},"end":{"line":240,"column":null}},{"start":{"line":241,"column":46},"end":{"line":241,"column":null}}],"line":239},"38":{"loc":{"start":{"line":242,"column":40},"end":{"line":242,"column":null}},"type":"binary-expr","locations":[{"start":{"line":242,"column":40},"end":{"line":242,"column":54}},{"start":{"line":242,"column":54},"end":{"line":242,"column":null}}],"line":242},"39":{"loc":{"start":{"line":248,"column":40},"end":{"line":248,"column":null}},"type":"cond-expr","locations":[{"start":{"line":248,"column":53},"end":{"line":248,"column":85}},{"start":{"line":248,"column":85},"end":{"line":248,"column":null}}],"line":248},"40":{"loc":{"start":{"line":269,"column":58},"end":{"line":269,"column":133}},"type":"cond-expr","locations":[{"start":{"line":269,"column":82},"end":{"line":269,"column":115}},{"start":{"line":269,"column":115},"end":{"line":269,"column":133}}],"line":269}},"s":{"0":0,"1":0,"2":0,"3":0,"4":0,"5":0,"6":0,"7":0,"8":0,"9":0,"10":0,"11":0,"12":0,"13":0,"14":0,"15":0,"16":0,"17":0,"18":0,"19":0,"20":0,"21":0,"22":0,"23":0,"24":0,"25":0,"26":0,"27":0,"28":0,"29":0,"30":0,"31":0,"32":0,"33":0,"34":0,"35":0,"36":0,"37":0,"38":0,"39":0,"40":0,"41":0,"42":0,"43":0,"44":0,"45":0,"46":0,"47":0,"48":0,"49":0,"50":0,"51":0,"52":0,"53":0,"54":0,"55":0,"56":0,"57":0,"58":0,"59":0,"60":0,"61":0,"62":0,"63":0,"64":0,"65":0,"66":0,"67":0,"68":0,"69":0,"70":0,"71":0,"72":0,"73":0,"74":0,"75":0,"76":0,"77":0,"78":0,"79":0,"80":0,"81":0,"82":0,"83":0,"84":0,"85":0,"86":0,"87":0,"88":0,"89":0,"90":0,"91":0,"92":0,"93":0,"94":0,"95":0,"96":0,"97":0,"98":0,"99":0,"100":0,"101":0,"102":0,"103":0},"f":{"0":0,"1":0,"2":0,"3":0,"4":0,"5":0,"6":0,"7":0,"8":0,"9":0,"10":0,"11":0,"12":0,"13":0,"14":0,"15":0,"16":0,"17":0,"18":0,"19":0,"20":0,"21":0,"22":0,"23":0,"24":0,"25":0,"26":0,"27":0,"28":0,"29":0,"30":0,"31":0,"32":0,"33":0,"34":0,"35":0,"36":0},"b":{"0":[0,0],"1":[0,0,0],"2":[0,0],"3":[0,0,0],"4":[0,0],"5":[0,0,0],"6":[0,0],"7":[0,0],"8":[0,0],"9":[0,0],"10":[0,0],"11":[0,0],"12":[0,0],"13":[0,0],"14":[0,0],"15":[0,0],"16":[0,0],"17":[0,0],"18":[0,0],"19":[0,0],"20":[0,0],"21":[0,0],"22":[0,0],"23":[0,0],"24":[0,0],"25":[0,0],"26":[0,0],"27":[0,0],"28":[0,0],"29":[0,0],"30":[0,0],"31":[0,0],"32":[0,0],"33":[0,0],"34":[0,0],"35":[0,0],"36":[0,0],"37":[0,0],"38":[0,0],"39":[0,0],"40":[0,0]},"meta":{"lastBranch":41,"lastFunction":37,"lastStatement":104,"seen":{"s:18:37:28:Infinity":0,"s:30:57:300:Infinity":1,"f:30:57:30:58":0,"s:31:28:31:Infinity":2,"s:32:42:32:Infinity":3,"s:33:30:33:Infinity":4,"s:34:32:34:Infinity":5,"s:37:2:44:Infinity":6,"f:37:12:37:18":1,"s:39:18:42:Infinity":7,"f:39:29:39:35":2,"s:40:8:40:Infinity":8,"s:41:8:41:Infinity":9,"s:43:4:43:Infinity":10,"f:43:11:43:17":3,"s:43:17:43:Infinity":11,"s:47:8:47:Infinity":12,"f:47:31:47:37":4,"s:47:37:47:106":13,"f:47:69:47:74":5,"s:47:74:47:94":14,"s:48:8:48:Infinity":15,"f:48:31:48:37":6,"s:48:37:48:115":16,"f:48:69:48:74":7,"s:48:74:48:103":17,"s:49:8:49:Infinity":18,"f:49:27:49:33":8,"s:49:33:49:73":19,"s:52:8:76:Infinity":20,"f:52:25:52:31":9,"s:53:38:53:Infinity":21,"s:54:21:69:Infinity":22,"f:54:21:54:22":10,"s:55:8:68:Infinity":23,"f:55:31:55:36":11,"b:57:12:57:Infinity:undefined:undefined:undefined:undefined":0,"s:57:12:57:Infinity":24,"b:57:16:57:43:57:43:57:95:57:95:57:114":1,"s:57:114:57:Infinity":25,"b:58:12:58:Infinity:undefined:undefined:undefined:undefined":2,"s:58:12:58:Infinity":26,"b:58:16:58:43:58:43:58:104:58:104:58:124":3,"s:58:124:58:Infinity":27,"b:59:12:59:Infinity:undefined:undefined:undefined:undefined":4,"s:59:12:59:Infinity":28,"b:59:16:59:45:59:45:59:102:59:102:59:124":5,"s:59:124:59:Infinity":29,"b:62:12:62:Infinity:undefined:undefined:undefined:undefined":6,"s:62:12:62:Infinity":30,"b:62:16:62:34:62:34:62:101":7,"s:62:101:62:Infinity":31,"b:64:12:64:Infinity:undefined:undefined:undefined:undefined":8,"s:64:12:64:Infinity":32,"s:64:35:64:Infinity":33,"b:65:12:65:Infinity:undefined:undefined:undefined:undefined":9,"s:65:12:65:Infinity":34,"s:65:36:65:Infinity":35,"b:66:12:66:Infinity:undefined:undefined:undefined:undefined":10,"s:66:12:66:Infinity":36,"s:66:38:66:Infinity":37,"s:67:12:67:Infinity":38,"s:71:4:71:Infinity":39,"f:71:25:71:33":12,"s:71:33:71:68":40,"s:72:4:72:Infinity":41,"f:72:25:72:33":13,"s:72:33:72:69":42,"s:73:4:73:Infinity":43,"f:73:39:73:47":14,"s:73:47:73:85":44,"s:75:4:75:Infinity":45,"s:79:8:93:Infinity":46,"f:79:31:79:37":15,"s:80:40:80:Infinity":47,"s:81:6:91:Infinity":48,"f:81:23:81:33":16,"s:82:10:90:Infinity":49,"f:82:38:82:43":17,"b:84:14:84:Infinity:undefined:undefined:undefined:undefined":11,"s:84:14:84:Infinity":50,"b:84:18:84:45:84:45:84:95":12,"s:84:95:84:Infinity":51,"b:85:14:85:Infinity:undefined:undefined:undefined:undefined":13,"s:85:14:85:Infinity":52,"b:85:18:85:45:85:45:85:104":14,"s:85:104:85:Infinity":53,"b:86:14:86:Infinity:undefined:undefined:undefined:undefined":15,"s:86:14:86:Infinity":54,"b:86:18:86:47:86:47:86:102":16,"s:86:102:86:Infinity":55,"s:89:14:89:Infinity":56,"s:92:6:92:Infinity":57,"s:96:8:108:Infinity":58,"f:96:33:96:39":18,"s:97:6:107:Infinity":59,"f:97:29:97:34":19,"b:98:10:98:Infinity:undefined:undefined:undefined:undefined":17,"s:98:10:98:Infinity":60,"b:98:14:98:41:98:41:98:91":18,"s:98:91:98:Infinity":61,"b:99:10:99:Infinity:undefined:undefined:undefined:undefined":19,"s:99:10:99:Infinity":62,"b:99:14:99:41:99:41:99:100":20,"s:99:100:99:Infinity":63,"b:100:10:100:Infinity:undefined:undefined:undefined:undefined":21,"s:100:10:100:Infinity":64,"b:100:14:100:43:100:43:100:98":22,"s:100:98:100:Infinity":65,"b:102:10:104:Infinity:undefined:undefined:undefined:undefined":23,"s:102:10:104:Infinity":66,"s:103:14:103:Infinity":67,"s:106:10:106:Infinity":68,"s:110:22:116:Infinity":69,"f:110:22:110:28":20,"b:111:6:114:Infinity:undefined:undefined:undefined:undefined":24,"s:111:6:114:Infinity":70,"s:112:10:112:Infinity":71,"s:113:10:113:Infinity":72,"s:115:6:115:Infinity":73,"s:118:29:124:Infinity":74,"f:118:29:118:30":21,"b:119:6:123:Infinity:121:13:123:Infinity":25,"s:119:6:123:Infinity":75,"s:120:10:120:Infinity":76,"f:120:21:120:30":22,"s:120:30:120:85":77,"f:120:65:120:70":23,"s:120:70:120:81":78,"s:122:10:122:Infinity":79,"f:122:21:122:30":24,"s:122:30:122:53":80,"b:126:2:132:Infinity:undefined:undefined:undefined:undefined":26,"s:126:2:132:Infinity":81,"s:127:6:130:Infinity":82,"s:134:2:298:Infinity":83,"f:163:37:163:43":25,"s:163:43:163:Infinity":84,"b:167:38:167:Infinity:168:38:168:Infinity":27,"f:173:38:173:48":26,"s:174:42:174:Infinity":85,"b:174:42:174:66:174:66:174:Infinity":28,"s:175:47:175:Infinity":86,"s:176:47:176:Infinity":87,"s:177:28:191:Infinity":88,"f:180:45:180:51":27,"s:180:51:180:Infinity":89,"b:180:51:180:66:180:66:180:Infinity":29,"b:180:97:180:104:180:104:180:110":30,"b:185:46:185:Infinity:186:46:186:Infinity":31,"b:187:40:187:54:187:54:187:Infinity":32,"f:210:43:210:44":28,"s:210:52:210:Infinity":90,"f:210:63:210:72":29,"s:210:72:210:99":91,"f:224:42:224:50":30,"s:225:47:225:Infinity":92,"s:226:42:226:Infinity":93,"b:226:42:226:58:226:58:226:Infinity":33,"s:227:47:227:Infinity":94,"b:227:47:227:62:227:62:227:Infinity":34,"s:229:28:252:Infinity":95,"f:232:45:232:51":31,"s:232:51:235:Infinity":96,"b:232:51:232:66:232:66:235:Infinity":35,"f:232:77:232:85":32,"s:233:56:233:Infinity":97,"s:234:40:234:Infinity":98,"b:234:93:234:127:234:127:234:146":36,"f:234:108:234:113":33,"s:234:113:234:123":99,"b:240:46:240:Infinity:241:46:241:Infinity":37,"b:242:40:242:54:242:54:242:Infinity":38,"b:248:53:248:85:248:85:248:Infinity":39,"f:267:40:267:41":34,"s:267:49:270:Infinity":100,"f:267:60:267:68":35,"s:268:44:268:Infinity":101,"s:269:28:269:Infinity":102,"b:269:82:269:115:269:115:269:133":40,"f:269:97:269:102":36,"s:269:102:269:111":103}}}
,"/app/src/features/quiz/components/LandingPage.tsx": {"path":"/app/src/features/quiz/components/LandingPage.tsx","statementMap":{"0":{"start":{"line":14,"column":55},"end":{"line":319,"column":null}},"1":{"start":{"line":15,"column":37},"end":{"line":15,"column":null}},"2":{"start":{"line":17,"column":2},"end":{"line":317,"column":null}},"3":{"start":{"line":160,"column":19},"end":{"line":162,"column":null}},"4":{"start":{"line":172,"column":44},"end":{"line":172,"column":93}}},"fnMap":{"0":{"name":"(anonymous_0)","decl":{"start":{"line":14,"column":55},"end":{"line":14,"column":56}},"loc":{"start":{"line":14,"column":77},"end":{"line":319,"column":null}},"line":14},"1":{"name":"(anonymous_1)","decl":{"start":{"line":159,"column":22},"end":{"line":159,"column":23}},"loc":{"start":{"line":160,"column":19},"end":{"line":162,"column":null}},"line":160},"2":{"name":"(anonymous_2)","decl":{"start":{"line":172,"column":39},"end":{"line":172,"column":44}},"loc":{"start":{"line":172,"column":44},"end":{"line":172,"column":93}},"line":172}},"branchMap":{"0":{"loc":{"start":{"line":44,"column":12},"end":{"line":50,"column":null}},"type":"binary-expr","locations":[{"start":{"line":44,"column":12},"end":{"line":44,"column":null}},{"start":{"line":45,"column":14},"end":{"line":50,"column":null}}],"line":44}},"s":{"0":0,"1":0,"2":0,"3":0,"4":0},"f":{"0":0,"1":0,"2":0},"b":{"0":[0,0]},"meta":{"lastBranch":1,"lastFunction":3,"lastStatement":5,"seen":{"s:14:55:319:Infinity":0,"f:14:55:14:56":0,"s:15:37:15:Infinity":1,"s:17:2:317:Infinity":2,"b:44:12:44:Infinity:45:14:50:Infinity":0,"f:159:22:159:23":1,"s:160:19:162:Infinity":3,"f:172:39:172:44":2,"s:172:44:172:93":4}}}
[...]
":21},"end":{"line":11,"column":27}},"loc":{"start":{"line":11,"column":27},"end":{"line":23,"column":null}},"line":11},"2":{"name":"(anonymous_2)","decl":{"start":{"line":26,"column":34},"end":{"line":26,"column":40}},"loc":{"start":{"line":26,"column":40},"end":{"line":47,"column":5}},"line":26},"3":{"name":"(anonymous_3)","decl":{"start":{"line":50,"column":32},"end":{"line":50,"column":38}},"loc":{"start":{"line":50,"column":38},"end":{"line":70,"column":5}},"line":50},"4":{"name":"(anonymous_4)","decl":{"start":{"line":73,"column":31},"end":{"line":73,"column":37}},"loc":{"start":{"line":73,"column":37},"end":{"line":96,"column":5}},"line":73}},"branchMap":{"0":{"loc":{"start":{"line":12,"column":4},"end":{"line":17,"column":null}},"type":"if","locations":[{"start":{"line":12,"column":4},"end":{"line":17,"column":null}},{"start":{},"end":{}}],"line":12},"1":{"loc":{"start":{"line":13,"column":27},"end":{"line":13,"column":null}},"type":"binary-expr","locations":[{"start":{"line":13,"column":27},"end":{"line":13,"column":51}},{"start":{"line":13,"column":51},"end":{"line":13,"column":null}}],"line":13},"2":{"loc":{"start":{"line":14,"column":6},"end":{"line":16,"column":null}},"type":"if","locations":[{"start":{"line":14,"column":6},"end":{"line":16,"column":null}},{"start":{},"end":{}}],"line":14},"3":{"loc":{"start":{"line":19,"column":4},"end":{"line":21,"column":null}},"type":"if","locations":[{"start":{"line":19,"column":4},"end":{"line":21,"column":null}},{"start":{},"end":{}}],"line":19},"4":{"loc":{"start":{"line":27,"column":4},"end":{"line":27,"column":null}},"type":"if","locations":[{"start":{"line":27,"column":4},"end":{"line":27,"column":null}},{"start":{},"end":{}}],"line":27},"5":{"loc":{"start":{"line":29,"column":4},"end":{"line":29,"column":null}},"type":"if","locations":[{"start":{"line":29,"column":4},"end":{"line":29,"column":null}},{"start":{},"end":{}}],"line":29},"6":{"loc":{"start":{"line":51,"column":4},"end":{"line":51,"column":null}},"type":"if","locations":[{"start":{"line":51,"column":4},"end":{"line":51,"column":null}},{"start":{},"end":{}}],"line":51},"7":{"loc":{"start":{"line":53,"column":4},"end":{"line":53,"column":null}},"type":"if","locations":[{"start":{"line":53,"column":4},"end":{"line":53,"column":null}},{"start":{},"end":{}}],"line":53},"8":{"loc":{"start":{"line":74,"column":4},"end":{"line":74,"column":null}},"type":"if","locations":[{"start":{"line":74,"column":4},"end":{"line":74,"column":null}},{"start":{},"end":{}}],"line":74},"9":{"loc":{"start":{"line":76,"column":4},"end":{"line":76,"column":null}},"type":"if","locations":[{"start":{"line":76,"column":4},"end":{"line":76,"column":null}},{"start":{},"end":{}}],"line":76}},"s":{"0":0,"1":0,"2":0,"3":0,"4":0,"5":0,"6":0,"7":0,"8":0,"9":0,"10":0,"11":0,"12":0,"13":0,"14":0,"15":0,"16":0,"17":0,"18":0,"19":0,"20":0,"21":0,"22":0,"23":0,"24":0,"25":0,"26":0,"27":0,"28":0,"29":0,"30":0,"31":0,"32":0,"33":0,"34":0,"35":0,"36":0,"37":0,"38":0,"39":0,"40":0,"41":0,"42":0,"43":0,"44":0,"45":0,"46":0,"47":0,"48":0,"49":0,"50":0,"51":0,"52":0,"53":0,"54":0,"55":0,"56":0,"57":0,"58":0,"59":0,"60":0,"61":0},"f":{"0":0,"1":0,"2":0,"3":0,"4":0},"b":{"0":[0,0],"1":[0,0],"2":[0,0],"3":[0,0],"4":[0,0],"5":[0,0],"6":[0,0],"7":[0,0],"8":[0,0],"9":[0,0]},"meta":{"lastBranch":10,"lastFunction":5,"lastStatement":62,"seen":{"s:6:29:99:Infinity":0,"f:6:29:6:35":0,"s:7:25:7:Infinity":1,"s:8:8:8:Infinity":2,"s:11:21:23:Infinity":3,"f:11:21:11:27":1,"b:12:4:17:Infinity:undefined:undefined:undefined:undefined":0,"s:12:4:17:Infinity":4,"s:13:27:13:Infinity":5,"b:13:27:13:51:13:51:13:Infinity":1,"b:14:6:16:Infinity:undefined:undefined:undefined:undefined":2,"s:14:6:16:Infinity":6,"s:15:8:15:Infinity":7,"b:19:4:21:Infinity:undefined:undefined:undefined:undefined":3,"s:19:4:21:Infinity":8,"s:20:6:20:Infinity":9,"s:22:4:22:Infinity":10,"s:26:8:47:Infinity":11,"f:26:34:26:40":2,"b:27:4:27:Infinity:undefined:undefined:undefined:undefined":4,"s:27:4:27:Infinity":12,"s:27:25:27:Infinity":13,"s:28:16:28:Infinity":14,"b:29:4:29:Infinity:undefined:undefined:undefined:undefined":5,"s:29:4:29:Infinity":15,"s:29:14:29:Infinity":16,"s:31:16:31:Infinity":17,"s:32:17:32:Infinity":18,"s:34:4:34:Infinity":19,"s:36:4:36:Infinity":20,"s:37:4:37:Infinity":21,"s:40:4:40:Infinity":22,"s:41:4:41:Infinity":23,"s:43:4:43:Infinity":24,"s:44:4:44:Infinity":25,"s:45:4:45:Infinity":26,"s:46:4:46:Infinity":27,"s:50:8:70:Infinity":28,"f:50:32:50:38":3,"b:51:4:51:Infinity:undefined:undefined:undefined:undefined":6,"s:51:4:51:Infinity":29,"s:51:25:51:Infinity":30,"s:52:16:52:Infinity":31,"b:53:4:53:Infinity:undefined:undefined:undefined:undefined":7,"s:53:4:53:Infinity":32,"s:53:14:53:Infinity":33,"s:55:16:55:Infinity":34,"s:56:17:56:Infinity":35,"s:58:4:58:Infinity":36,"s:60:4:60:Infinity":37,"s:61:4:61:Infinity":38,"s:63:4:63:Infinity":39,"s:64:4:64:Infinity":40,"s:66:4:66:Infinity":41,"s:67:4:67:Infinity":42,"s:68:4:68:Infinity":43,"s:69:4:69:Infinity":44,"s:73:8:96:Infinity":45,"f:73:31:73:37":4,"b:74:4:74:Infinity:undefined:undefined:undefined:undefined":8,"s:74:4:74:Infinity":46,"s:74:25:74:Infinity":47,"s:75:16:75:Infinity":48,"b:76:4:76:Infinity:undefined:undefined:undefined:undefined":9,"s:76:4:76:Infinity":49,"s:76:14:76:Infinity":50,"s:78:16:78:Infinity":51,"s:79:17:79:Infinity":52,"s:82:4:82:Infinity":53,"s:85:4:85:Infinity":54,"s:88:4:88:Infinity":55,"s:89:4:89:Infinity":56,"s:91:4:91:Infinity":57,"s:92:4:92:Infinity":58,"s:94:4:94:Infinity":59,"s:95:4:95:Infinity":60,"s:98:2:98:Infinity":61}}}
,"/app/src/hooks/useSound.ts": {"path":"/app/src/hooks/useSound.ts","statementMap":{"0":{"start":{"line":6,"column":24},"end":{"line":35,"column":null}},"1":{"start":{"line":7,"column":27},"end":{"line":7,"column":null}},"2":{"start":{"line":9,"column":10},"end":{"line":14,"column":null}},"3":{"start":{"line":10,"column":8},"end":{"line":10,"column":null}},"4":{"start":{"line":10,"column":42},"end":{"line":10,"column":null}},"5":{"start":{"line":11,"column":18},"end":{"line":11,"column":null}},"6":{"start":{"line":12,"column":8},"end":{"line":12,"column":null}},"7":{"start":{"line":13,"column":8},"end":{"line":13,"column":null}},"8":{"start":{"line":16,"column":4},"end":{"line":20,"column":null}},"9":{"start":{"line":17,"column":8},"end":{"line":19,"column":null}},"10":{"start":{"line":18,"column":12},"end":{"line":18,"column":null}},"11":{"start":{"line":22,"column":17},"end":{"line":32,"column":null}},"12":{"start":{"line":23,"column":8},"end":{"line":31,"column":null}},"13":{"start":{"line":25,"column":31},"end":{"line":25,"column":null}},"14":{"start":{"line":26,"column":12},"end":{"line":26,"column":null}},"15":{"start":{"line":27,"column":12},"end":{"line":30,"column":null}},"16":{"start":{"line":29,"column":16},"end":{"line":29,"column":null}},"17":{"start":{"line":34,"column":4},"end":{"line":34,"column":null}}},"fnMap":{"0":{"name":"(anonymous_0)","decl":{"start":{"line":6,"column":24},"end":{"line":6,"column":25}},"loc":{"start":{"line":6,"column":41},"end":{"line":35,"column":null}},"line":6},"1":{"name":"(anonymous_1)","decl":{"start":{"line":9,"column":26},"end":{"line":9,"column":32}},"loc":{"start":{"line":9,"column":32},"end":{"line":14,"column":7}},"line":9},"2":{"name":"(anonymous_2)","decl":{"start":{"line":16,"column":14},"end":{"line":16,"column":20}},"loc":{"start":{"line":16,"column":20},"end":{"line":20,"column":7}},"line":16},"3":{"name":"(anonymous_3)","decl":{"start":{"line":22,"column":17},"end":{"line":22,"column":23}},"loc":{"start":{"line":22,"column":23},"end":{"line":32,"column":null}},"line":22},"4":{"name":"(anonymous_4)","decl":{"start":{"line":27,"column":36},"end":{"line":27,"column":41}},"loc":{"start":{"line":27,"column":41},"end":{"line":30,"column":13}},"line":27}},"branchMap":{"0":{"loc":{"start":{"line":10,"column":8},"end":{"line":10,"column":null}},"type":"if","locations":[{"start":{"line":10,"column":8},"end":{"line":10,"column":null}},{"start":{},"end":{}}],"line":10},"1":{"loc":{"start":{"line":17,"column":8},"end":{"line":19,"column":null}},"type":"if","locations":[{"start":{"line":17,"column":8},"end":{"line":19,"column":null}},{"start":{},"end":{}}],"line":17},"2":{"loc":{"start":{"line":23,"column":8},"end":{"line":31,"column":null}},"type":"if","locations":[{"start":{"line":23,"column":8},"end":{"line":31,"column":null}},{"start":{},"end":{}}],"line":23},"3":{"loc":{"start":{"line":23,"column":12},"end":{"line":23,"column":37}},"type":"binary-expr","locations":[{"start":{"line":23,"column":12},"end":{"line":23,"column":30}},{"start":{"line":23,"column":30},"end":{"line":23,"column":37}}],"line":23}},"s":{"0":0,"1":0,"2":0,"3":0,"4":0,"5":0,"6":0,"7":0,"8":0,"9":0,"10":0,"11":0,"12":0,"13":0,"14":0,"15":0,"16":0,"17":0},"f":{"0":0,"1":0,"2":0,"3":0,"4":0},"b":{"0":[0,0],"1":[0,0],"2":[0,0],"3":[0,0]},"meta":{"lastBranch":4,"lastFunction":5,"lastStatement":18,"seen":{"s:6:24:35:Infinity":0,"f:6:24:6:25":0,"s:7:27:7:Infinity":1,"s:9:10:14:Infinity":2,"f:9:26:9:32":1,"b:10:8:10:Infinity:undefined:undefined:undefined:undefined":0,"s:10:8:10:Infinity":3,"s:10:42:10:Infinity":4,"s:11:18:11:Infinity":5,"s:12:8:12:Infinity":6,"s:13:8:13:Infinity":7,"s:16:4:20:Infinity":8,"f:16:14:16:20":2,"b:17:8:19:Infinity:undefined:undefined:undefined:undefined":1,"s:17:8:19:Infinity":9,"s:18:12:18:Infinity":10,"s:22:17:32:Infinity":11,"f:22:17:22:23":3,"b:23:8:31:Infinity:undefined:undefined:undefined:undefined":2,"s:23:8:31:Infinity":12,"b:23:12:23:30:23:30:23:37":3,"s:25:31:25:Infinity":13,"s:26:12:26:Infinity":14,"s:27:12:30:Infinity":15,"f:27:36:27:41":4,"s:29:16:29:Infinity":16,"s:34:4:34:Infinity":17}}}
,"/app/src/hooks/useTimer.ts": {"path":"/app/src/hooks/useTimer.ts","statementMap":{"0":{"start":{"line":5,"column":38},"end":{"line":5,"column":null}},"1":{"start":{"line":6,"column":10},"end":{"line":6,"column":null}},"2":{"start":{"line":8,"column":23},"end":{"line":10,"column":null}},"3":{"start":{"line":9,"column":8},"end":{"line":9,"column":null}},"4":{"start":{"line":12,"column":4},"end":{"line":34,"column":null}},"5":{"start":{"line":13,"column":8},"end":{"line":16,"column":null}},"6":{"start":{"line":14,"column":12},"end":{"line":14,"column":null}},"7":{"start":{"line":14,"column":37},"end":{"line":14,"column":null}},"8":{"start":{"line":15,"column":12},"end":{"line":15,"column":null}},"9":{"start":{"line":18,"column":8},"end":{"line":18,"column":null}},"10":{"start":{"line":20,"column":8},"end":{"line":29,"column":null}},"11":{"start":{"line":21,"column":12},"end":{"line":28,"column":null}},"12":{"start":{"line":22,"column":16},"end":{"line":26,"column":null}},"13":{"start":{"line":23,"column":20},"end":{"line":23,"column":null}},"14":{"start":{"line":23,"column":45},"end":{"line":23,"column":null}},"15":{"start":{"line":24,"column":20},"end":{"line":24,"column":null}},"16":{"start":{"line":25,"column":20},"end":{"line":25,"column":null}},"17":{"start":{"line":27,"column":16},"end":{"line":27,"column":null}},"18":{"start":{"line":31,"column":8},"end":{"line":33,"column":null}},"19":{"start":{"line":32,"column":12},"end":{"line":32,"column":null}},"20":{"start":{"line":32,"column":37},"end":{"line":32,"column":null}},"21":{"start":{"line":36,"column":4},"end":{"line":36,"column":null}}},"fnMap":{"0":{"name":"useTimer","decl":{"start":{"line":4,"column":16},"end":{"line":4,"column":25}},"loc":{"start":{"line":4,"column":160},"end":{"line":37,"column":null}},"line":4},"1":{"name":"(anonymous_1)","decl":{"start":{"line":8,"column":23},"end":{"line":8,"column":29}},"loc":{"start":{"line":8,"column":29},"end":{"line":10,"column":null}},"line":8},"2":{"name":"(anonymous_2)","decl":{"start":{"line":12,"column":14},"end":{"line":12,"column":20}},"loc":{"start":{"line":12,"column":20},"end":{"line":34,"column":7}},"line":12},"3":{"name":"(anonymous_3)","decl":{"start":{"line":20,"column":49},"end":{"line":20,"column":55}},"loc":{"start":{"line":20,"column":55},"end":{"line":29,"column":11}},"line":20},"4":{"name":"(anonymous_4)","decl":{"start":{"line":21,"column":27},"end":{"line":21,"column":42}},"loc":{"start":{"line":21,"column":42},"end":{"line":28,"column":13}},"line":21},"5":{"name":"(anonymous_5)","decl":{"start":{"line":31,"column":15},"end":{"line":31,"column":21}},"loc":{"start":{"line":31,"column":21},"end":{"line":33,"column":null}},"line":31}},"branchMap":{"0":{"loc":{"start":{"line":13,"column":8},"end":{"line":16,"column":null}},"type":"if","locations":[{"start":{"line":13,"column":8},"end":{"line":16,"column":null}},{"start":{},"end":{}}],"line":13},"1":{"loc":{"start":{"line":14,"column":12},"end":{"line":14,"column":null}},"type":"if","locations":[{"start":{"line":14,"column":12},"end":{"line":14,"column":null}},{"start":{},"end":{}}],"line":14},"2":{"loc":{"start":{"line":22,"column":16},"end":{"line":26,"column":null}},"type":"if","locations":[{"start":{"line":22,"column":16},"end":{"line":26,"column":null}},{"start":{},"end":{}}],"line":22},"3":{"loc":{"start":{"line":23,"column":20},"end":{"line":23,"column":null}},"type":"if","locations":[{"start":{"line":23,"column":20},"end":{"line":23,"column":null}},{"start":{},"end":{}}],"line":23},"4":{"loc":{"start":{"line":32,"column":12},"end":{"line":32,"column":null}},"type":"if","locations":[{"start":{"line":32,"column":12},"end":{"line":32,"column":null}},{"start":{},"end":{}}],"line":32}},"s":{"0":0,"1":0,"2":0,"3":0,"4":0,"5":0,"6":0,"7":0,"8":0,"9":0,"10":0,"11":0,"12":0,"13":0,"14":0,"15":0,"16":0,"17":0,"18":0,"19":0,"20":0,"21":0},"f":{"0":0,"1":0,"2":0,"3":0,"4":0,"5":0},"b":{"0":[0,0],"1":[0,0],"2":[0,0],"3":[0,0],"4":[0,0]},"meta":{"lastBranch":5,"lastFunction":6,"lastStatement":22,"seen":{"f:4:16:4:25":0,"s:5:38:5:Infinity":0,"s:6:10:6:Infinity":1,"s:8:23:10:Infinity":2,"f:8:23:8:29":1,"s:9:8:9:Infinity":3,"s:12:4:34:Infinity":4,"f:12:14:12:20":2,"b:13:8:16:Infinity:undefined:undefined:undefined:undefined":0,"s:13:8:16:Infinity":5,"b:14:12:14:Infinity:undefined:undefined:undefined:undefined":1,"s:14:12:14:Infinity":6,"s:14:37:14:Infinity":7,"s:15:12:15:Infinity":8,"s:18:8:18:Infinity":9,"s:20:8:29:Infinity":10,"f:20:49:20:55":3,"s:21:12:28:Infinity":11,"f:21:27:21:42":4,"b:22:16:26:Infinity:undefined:undefined:undefined:undefined":2,"s:22:16:26:Infinity":12,"b:23:20:23:Infinity:undefined:undefined:undefined:undefined":3,"s:23:20:23:Infinity":13,"s:23:45:23:Infinity":14,"s:24:20:24:Infinity":15,"s:25:20:25:Infinity":16,"s:27:16:27:Infinity":17,"s:31:8:33:Infinity":18,"f:31:15:31:21":5,"b:32:12:32:Infinity:undefined:undefined:undefined:undefined":4,"s:32:12:32:Infinity":19,"s:32:37:32:Infinity":20,"s:36:4:36:Infinity":21}}}
,"/app/src/layouts/MainLayout.tsx": {"path":"/app/src/layouts/MainLayout.tsx","statementMap":{"0":{"start":{"line":14,"column":53},"end":{"line":101,"column":null}},"1":{"start":{"line":20,"column":2},"end":{"line":99,"column":null}},"2":{"start":{"line":26,"column":66},"end":{"line":26,"column":null}},"3":{"start":{"line":57,"column":27},"end":{"line":57,"column":null}},"4":{"start":{"line":65,"column":27},"end":{"line":65,"column":null}},"5":{"start":{"line":70,"column":27},"end":{"line":70,"column":null}},"6":{"start":{"line":94,"column":27},"end":{"line":94,"column":null}},"7":{"start":{"line":103,"column":15},"end":{"line":115,"column":null}},"8":{"start":{"line":104,"column":2},"end":{"line":115,"column":null}}},"fnMap":{"0":{"name":"(anonymous_0)","decl":{"start":{"line":14,"column":53},"end":{"line":14,"column":54}},"loc":{"start":{"line":19,"column":6},"end":{"line":101,"column":null}},"line":19},"1":{"name":"(anonymous_1)","decl":{"start":{"line":26,"column":60},"end":{"line":26,"column":66}},"loc":{"start":{"line":26,"column":66},"end":{"line":26,"column":null}},"line":26},"2":{"name":"(anonymous_2)","decl":{"start":{"line":57,"column":21},"end":{"line":57,"column":27}},"loc":{"start":{"line":57,"column":27},"end":{"line":57,"column":null}},"line":57},"3":{"name":"(anonymous_3)","decl":{"start":{"line":65,"column":21},"end":{"line":65,"column":27}},"loc":{"start":{"line":65,"column":27},"end":{"line":65,"column":null}},"line":65},"4":{"name":"(anonymous_4)","decl":{"start":{"line":70,"column":21},"end":{"line":70,"column":27}},"loc":{"start":{"line":70,"column":27},"end":{"line":70,"column":null}},"line":70},"5":{"name":"(anonymous_5)","decl":{"start":{"line":94,"column":21},"end":{"line":94,"column":27}},"loc":{"start":{"line":94,"column":27},"end":{"line":94,"column":null}},"line":94},"6":{"name":"(anonymous_6)","decl":{"start":{"line":103,"column":15},"end":{"line":103,"column":16}},"loc":{"start":{"line":104,"column":2},"end":{"line":115,"column":null}},"line":104}},"branchMap":{"0":{"loc":{"start":{"line":75,"column":14},"end":{"line":77,"column":null}},"type":"cond-expr","locations":[{"start":{"line":76,"column":18},"end":{"line":76,"column":null}},{"start":{"line":77,"column":18},"end":{"line":77,"column":null}}],"line":75},"1":{"loc":{"start":{"line":83,"column":14},"end":{"line":83,"column":null}},"type":"cond-expr","locations":[{"start":{"line":83,"column":39},"end":{"line":83,"column":59}},{"start":{"line":83,"column":59},"end":{"line":83,"column":null}}],"line":83},"2":{"loc":{"start":{"line":108,"column":6},"end":{"line":108,"column":null}},"type":"cond-expr","locations":[{"start":{"line":108,"column":17},"end":{"line":108,"column":37}},{"start":{"line":108,"column":37},"end":{"line":108,"column":null}}],"line":108},"3":{"loc":{"start":{"line":111,"column":60},"end":{"line":111,"column":90}},"type":"binary-expr","locations":[{"start":{"line":111,"column":60},"end":{"line":111,"column":72}},{"start":{"line":111,"column":72},"end":{"line":111,"column":90}}],"line":111}},"s":{"0":0,"1":0,"2":0,"3":0,"4":0,"5":0,"6":0,"7":0,"8":0},"f":{"0":0,"1":0,"2":0,"3":0,"4":0,"5":0,"6":0},"b":{"0":[0,0],"1":[0,0],"2":[0,0],"3":[0,0]},"meta":{"lastBranch":4,"lastFunction":7,"lastStatement":9,"seen":{"s:14:53:101:Infinity":0,"f:14:53:14:54":0,"s:20:2:99:Infinity":1,"f:26:60:26:66":1,"s:26:66:26:Infinity":2,"f:57:21:57:27":2,"s:57:27:57:Infinity":3,"f:65:21:65:27":3,"s:65:27:65:Infinity":4,"f:70:21:70:27":4,"s:70:27:70:Infinity":5,"b:76:18:76:Infinity:77:18:77:Infinity":0,"b:83:39:83:59:83:59:83:Infinity":1,"f:94:21:94:27":5,"s:94:27:94:Infinity":6,"s:103:15:115:Infinity":7,"f:103:15:103:16":6,"s:104:2:115:Infinity":8,"b:108:17:108:37:108:37:108:Infinity":2,"b:111:60:111:72:111:72:111:90":3}}}
,"/app/src/lib/supabase.ts": {"path":"/app/src/lib/supabase.ts","statementMap":{"0":{"start":{"line":3,"column":20},"end":{"line":3,"column":null}},"1":{"start":{"line":4,"column":20},"end":{"line":4,"column":null}},"2":{"start":{"line":6,"column":13},"end":{"line":6,"column":null}}},"fnMap":{},"branchMap":{},"s":{"0":0,"1":0,"2":0},"f":{},"b":{},"meta":{"lastBranch":0,"lastFunction":0,"lastStatement":3,"seen":{"s:3:20:3:Infinity":0,"s:4:20:4:Infinity":1,"s:6:13:6:Infinity":2}}}
,"/app/src/providers/AppProvider.tsx": {"path":"/app/src/providers/AppProvider.tsx","statementMap":{"0":{"start":{"line":9,"column":55},"end":{"line":15,"column":null}},"1":{"start":{"line":10,"column":2},"end":{"line":13,"column":null}}},"fnMap":{"0":{"name":"(anonymous_0)","decl":{"start":{"line":9,"column":55},"end":{"line":9,"column":56}},"loc":{"start":{"line":9,"column":73},"end":{"line":15,"column":null}},"line":9}},"branchMap":{},"s":{"0":0,"1":0},"f":{"0":0},"b":{},"meta":{"lastBranch":0,"lastFunction":1,"lastStatement":2,"seen":{"s:9:55:15:Infinity":0,"f:9:55:9:56":0,"s:10:2:13:Infinity":1}}}
,"/app/src/utils/cn.ts": {"path":"/app/src/utils/cn.ts","statementMap":{"0":{"start":{"line":2,"column":2},"end":{"line":2,"column":null}}},"fnMap":{"0":{"name":"cn","decl":{"start":{"line":1,"column":16},"end":{"line":1,"column":22}},"loc":{"start":{"line":1,"column":70},"end":{"line":3,"column":null}},"line":1}},"branchMap":{},"s":{"0":102},"f":{"0":102},"b":{},"meta":{"lastBranch":0,"lastFunction":1,"lastStatement":1,"seen":{"f:1:16:1:22":0,"s:2:2:2:Infinity":0}}}
}
